{
"contracts/governance/BeetsBar.sol":{"l":{"27":15,"31":7,"32":7,"36":7,"38":7,"39":7,"41":7,"42":4,"46":3,"49":3,"51":7,"52":7,"57":2,"58":2,"61":2,"63":2,"65":2,"66":2,"68":2,"73":3,"74":3},"path":"/Users/cudba/develop/repos/crypto/sushiswap/contracts/governance/BeetsBar.sol","s":{"1":15,"2":7,"3":7,"4":7,"5":7,"6":7,"7":7,"8":4,"9":3,"10":3,"11":7,"12":7,"13":2,"14":2,"15":2,"16":2,"17":2,"18":2,"19":2,"20":3,"21":3},"b":{"1":[7,0],"2":[4,3],"3":[2,0]},"f":{"1":15,"2":7,"3":2,"4":3},"fnMap":{"1":{"name":"constructor","line":26,"loc":{"start":{"line":26,"column":4},"end":{"line":28,"column":4}}},"2":{"name":"enter","line":30,"loc":{"start":{"line":30,"column":4},"end":{"line":54,"column":4}}},"3":{"name":"leave","line":56,"loc":{"start":{"line":56,"column":4},"end":{"line":70,"column":4}}},"4":{"name":"shareRevenue","line":72,"loc":{"start":{"line":72,"column":4},"end":{"line":75,"column":4}}}},"statementMap":{"1":{"start":{"line":27,"column":8},"end":{"line":27,"column":35}},"2":{"start":{"line":31,"column":8},"end":{"line":31,"column":779}},"3":{"start":{"line":32,"column":12},"end":{"line":32,"column":815}},"4":{"start":{"line":36,"column":12},"end":{"line":36,"column":51}},"5":{"start":{"line":38,"column":12},"end":{"line":38,"column":72}},"6":{"start":{"line":39,"column":12},"end":{"line":39,"column":30}},"7":{"start":{"line":41,"column":12},"end":{"line":41,"column":1159}},"8":{"start":{"line":42,"column":16},"end":{"line":42,"column":35}},"9":{"start":{"line":46,"column":16},"end":{"line":46,"column":1439}},"10":{"start":{"line":49,"column":16},"end":{"line":49,"column":45}},"11":{"start":{"line":51,"column":12},"end":{"line":51,"column":40}},"12":{"start":{"line":52,"column":12},"end":{"line":52,"column":55}},"13":{"start":{"line":57,"column":8},"end":{"line":57,"column":1753}},"14":{"start":{"line":58,"column":12},"end":{"line":58,"column":1800}},"15":{"start":{"line":61,"column":12},"end":{"line":61,"column":51}},"16":{"start":{"line":63,"column":12},"end":{"line":63,"column":2059}},"17":{"start":{"line":65,"column":12},"end":{"line":65,"column":48}},"18":{"start":{"line":66,"column":12},"end":{"line":66,"column":52}},"19":{"start":{"line":68,"column":12},"end":{"line":68,"column":62}},"20":{"start":{"line":73,"column":8},"end":{"line":73,"column":68}},"21":{"start":{"line":74,"column":8},"end":{"line":74,"column":34}}},"branchMap":{"1":{"line":31,"type":"if","locations":[{"start":{"line":31,"column":8},"end":{"line":31,"column":8}},{"start":{"line":31,"column":8},"end":{"line":31,"column":8}}]},"2":{"line":41,"type":"if","locations":[{"start":{"line":41,"column":12},"end":{"line":41,"column":12}},{"start":{"line":41,"column":12},"end":{"line":41,"column":12}}]},"3":{"line":57,"type":"if","locations":[{"start":{"line":57,"column":8},"end":{"line":57,"column":8}},{"start":{"line":57,"column":8},"end":{"line":57,"column":8}}]}}},
"contracts/governance/Timelock.sol":{"l":{"57":15,"61":15,"66":15,"67":15,"68":15,"75":0,"79":0,"83":0,"87":0,"89":0,"93":3,"97":3,"98":3,"100":3,"105":4,"106":2,"111":2,"115":2,"117":3,"119":3,"129":4,"133":3,"138":3,"141":3,"143":3,"144":3,"154":1,"159":1,"162":1,"164":1,"174":4,"179":4,"182":4,"186":3,"190":2,"195":2,"197":2,"199":2,"200":0,"202":2,"209":2,"212":2,"217":2,"219":2,"224":8},"path":"/Users/cudba/develop/repos/crypto/sushiswap/contracts/governance/Timelock.sol","s":{"1":15,"2":15,"3":15,"4":15,"5":15,"6":0,"7":0,"8":0,"9":0,"10":0,"11":3,"12":3,"13":3,"14":3,"15":4,"16":2,"17":2,"18":2,"19":3,"20":3,"21":4,"22":3,"23":3,"24":3,"25":3,"26":3,"27":1,"28":1,"29":1,"30":1,"31":4,"32":4,"33":4,"34":3,"35":2,"36":2,"37":2,"38":2,"39":0,"40":2,"41":2,"42":2,"43":2,"44":2,"45":8},"b":{"1":[15,0],"2":[15,0],"3":[0,0],"4":[0,0],"5":[0,0],"6":[3,0],"7":[2,2],"8":[1,1],"9":[2,0],"10":[3,1],"11":[3,0],"12":[1,0],"13":[4,0],"14":[3,1],"15":[2,1],"16":[2,0],"17":[0,2],"18":[2,0]},"f":{"1":15,"2":0,"3":3,"4":4,"5":4,"6":1,"7":4,"8":8},"fnMap":{"1":{"name":"constructor","line":56,"loc":{"start":{"line":56,"column":4},"end":{"line":69,"column":4}}},"2":{"name":"setDelay","line":74,"loc":{"start":{"line":74,"column":4},"end":{"line":90,"column":4}}},"3":{"name":"acceptAdmin","line":92,"loc":{"start":{"line":92,"column":4},"end":{"line":101,"column":4}}},"4":{"name":"setPendingAdmin","line":103,"loc":{"start":{"line":103,"column":4},"end":{"line":120,"column":4}}},"5":{"name":"queueTransaction","line":122,"loc":{"start":{"line":122,"column":4},"end":{"line":145,"column":4}}},"6":{"name":"cancelTransaction","line":147,"loc":{"start":{"line":147,"column":4},"end":{"line":165,"column":4}}},"7":{"name":"executeTransaction","line":167,"loc":{"start":{"line":167,"column":4},"end":{"line":220,"column":4}}},"8":{"name":"getBlockTimestamp","line":222,"loc":{"start":{"line":222,"column":4},"end":{"line":225,"column":4}}}},"statementMap":{"1":{"start":{"line":57,"column":8},"end":{"line":57,"column":2883}},"2":{"start":{"line":61,"column":8},"end":{"line":61,"column":3018}},"3":{"start":{"line":66,"column":8},"end":{"line":66,"column":21}},"4":{"start":{"line":67,"column":8},"end":{"line":67,"column":21}},"5":{"start":{"line":68,"column":8},"end":{"line":68,"column":32}},"6":{"start":{"line":75,"column":8},"end":{"line":75,"column":3374}},"7":{"start":{"line":79,"column":8},"end":{"line":79,"column":3507}},"8":{"start":{"line":83,"column":8},"end":{"line":83,"column":3639}},"9":{"start":{"line":87,"column":8},"end":{"line":87,"column":21}},"10":{"start":{"line":89,"column":8},"end":{"line":89,"column":28}},"11":{"start":{"line":93,"column":8},"end":{"line":93,"column":3873}},"12":{"start":{"line":97,"column":8},"end":{"line":97,"column":25}},"13":{"start":{"line":98,"column":8},"end":{"line":98,"column":32}},"14":{"start":{"line":100,"column":8},"end":{"line":100,"column":28}},"15":{"start":{"line":105,"column":8},"end":{"line":105,"column":4242}},"16":{"start":{"line":106,"column":12},"end":{"line":106,"column":4283}},"17":{"start":{"line":111,"column":12},"end":{"line":111,"column":4456}},"18":{"start":{"line":115,"column":12},"end":{"line":115,"column":35}},"19":{"start":{"line":117,"column":8},"end":{"line":117,"column":35}},"20":{"start":{"line":119,"column":8},"end":{"line":119,"column":42}},"21":{"start":{"line":129,"column":8},"end":{"line":129,"column":4928}},"22":{"start":{"line":133,"column":8},"end":{"line":133,"column":5058}},"23":{"start":{"line":138,"column":8},"end":{"line":138,"column":5224}},"24":{"start":{"line":141,"column":8},"end":{"line":141,"column":40}},"25":{"start":{"line":143,"column":8},"end":{"line":143,"column":74}},"26":{"start":{"line":144,"column":8},"end":{"line":144,"column":21}},"27":{"start":{"line":154,"column":8},"end":{"line":154,"column":5654}},"28":{"start":{"line":159,"column":8},"end":{"line":159,"column":5787}},"29":{"start":{"line":162,"column":8},"end":{"line":162,"column":41}},"30":{"start":{"line":164,"column":8},"end":{"line":164,"column":75}},"31":{"start":{"line":174,"column":8},"end":{"line":174,"column":6228}},"32":{"start":{"line":179,"column":8},"end":{"line":179,"column":6362}},"33":{"start":{"line":182,"column":8},"end":{"line":182,"column":6468}},"34":{"start":{"line":186,"column":8},"end":{"line":186,"column":6612}},"35":{"start":{"line":190,"column":8},"end":{"line":190,"column":6764}},"36":{"start":{"line":195,"column":8},"end":{"line":195,"column":41}},"37":{"start":{"line":197,"column":8},"end":{"line":197,"column":29}},"38":{"start":{"line":199,"column":8},"end":{"line":199,"column":6991}},"39":{"start":{"line":200,"column":12},"end":{"line":200,"column":26}},"40":{"start":{"line":202,"column":12},"end":{"line":202,"column":7089}},"41":{"start":{"line":209,"column":8},"end":{"line":209,"column":7282}},"42":{"start":{"line":212,"column":8},"end":{"line":212,"column":7390}},"43":{"start":{"line":217,"column":8},"end":{"line":217,"column":76}},"44":{"start":{"line":219,"column":8},"end":{"line":219,"column":25}},"45":{"start":{"line":224,"column":8},"end":{"line":224,"column":30}}},"branchMap":{"1":{"line":57,"type":"if","locations":[{"start":{"line":57,"column":8},"end":{"line":57,"column":8}},{"start":{"line":57,"column":8},"end":{"line":57,"column":8}}]},"2":{"line":61,"type":"if","locations":[{"start":{"line":61,"column":8},"end":{"line":61,"column":8}},{"start":{"line":61,"column":8},"end":{"line":61,"column":8}}]},"3":{"line":75,"type":"if","locations":[{"start":{"line":75,"column":8},"end":{"line":75,"column":8}},{"start":{"line":75,"column":8},"end":{"line":75,"column":8}}]},"4":{"line":79,"type":"if","locations":[{"start":{"line":79,"column":8},"end":{"line":79,"column":8}},{"start":{"line":79,"column":8},"end":{"line":79,"column":8}}]},"5":{"line":83,"type":"if","locations":[{"start":{"line":83,"column":8},"end":{"line":83,"column":8}},{"start":{"line":83,"column":8},"end":{"line":83,"column":8}}]},"6":{"line":93,"type":"if","locations":[{"start":{"line":93,"column":8},"end":{"line":93,"column":8}},{"start":{"line":93,"column":8},"end":{"line":93,"column":8}}]},"7":{"line":105,"type":"if","locations":[{"start":{"line":105,"column":8},"end":{"line":105,"column":8}},{"start":{"line":105,"column":8},"end":{"line":105,"column":8}}]},"8":{"line":106,"type":"if","locations":[{"start":{"line":106,"column":12},"end":{"line":106,"column":12}},{"start":{"line":106,"column":12},"end":{"line":106,"column":12}}]},"9":{"line":111,"type":"if","locations":[{"start":{"line":111,"column":12},"end":{"line":111,"column":12}},{"start":{"line":111,"column":12},"end":{"line":111,"column":12}}]},"10":{"line":129,"type":"if","locations":[{"start":{"line":129,"column":8},"end":{"line":129,"column":8}},{"start":{"line":129,"column":8},"end":{"line":129,"column":8}}]},"11":{"line":133,"type":"if","locations":[{"start":{"line":133,"column":8},"end":{"line":133,"column":8}},{"start":{"line":133,"column":8},"end":{"line":133,"column":8}}]},"12":{"line":154,"type":"if","locations":[{"start":{"line":154,"column":8},"end":{"line":154,"column":8}},{"start":{"line":154,"column":8},"end":{"line":154,"column":8}}]},"13":{"line":174,"type":"if","locations":[{"start":{"line":174,"column":8},"end":{"line":174,"column":8}},{"start":{"line":174,"column":8},"end":{"line":174,"column":8}}]},"14":{"line":182,"type":"if","locations":[{"start":{"line":182,"column":8},"end":{"line":182,"column":8}},{"start":{"line":182,"column":8},"end":{"line":182,"column":8}}]},"15":{"line":186,"type":"if","locations":[{"start":{"line":186,"column":8},"end":{"line":186,"column":8}},{"start":{"line":186,"column":8},"end":{"line":186,"column":8}}]},"16":{"line":190,"type":"if","locations":[{"start":{"line":190,"column":8},"end":{"line":190,"column":8}},{"start":{"line":190,"column":8},"end":{"line":190,"column":8}}]},"17":{"line":199,"type":"if","locations":[{"start":{"line":199,"column":8},"end":{"line":199,"column":8}},{"start":{"line":199,"column":8},"end":{"line":199,"column":8}}]},"18":{"line":212,"type":"if","locations":[{"start":{"line":212,"column":8},"end":{"line":212,"column":8}},{"start":{"line":212,"column":8},"end":{"line":212,"column":8}}]}}},
"contracts/rewarder/TimeBasedRewarder.sol":{"l":{"63":51,"64":51,"65":51,"75":21,"76":21,"77":21,"78":21,"79":8,"83":8,"84":3,"87":21,"88":21,"92":21,"93":6,"96":21,"109":0,"110":0,"111":0,"112":0,"113":0,"119":1,"120":1,"124":22,"128":21,"133":1,"140":16,"141":15,"142":15,"144":15,"149":15,"150":15,"157":2,"158":1,"163":1,"164":1,"176":8,"177":8,"178":1,"180":7,"181":7,"183":7,"187":7,"188":3,"191":3,"195":3,"199":7,"202":7,"203":1,"211":1,"212":1,"213":2,"221":23,"222":23,"223":16,"227":16,"228":6,"229":6,"232":6,"236":16,"237":16,"238":16},"path":"/Users/cudba/develop/repos/crypto/sushiswap/contracts/rewarder/TimeBasedRewarder.sol","s":{"1":51,"2":51,"3":51,"4":21,"5":21,"6":21,"7":21,"8":8,"9":8,"10":3,"11":21,"12":21,"13":21,"14":6,"15":21,"16":0,"17":0,"18":0,"19":0,"20":0,"21":1,"22":1,"23":22,"24":1,"25":16,"26":15,"27":15,"28":15,"29":15,"30":15,"31":2,"32":1,"33":1,"34":1,"35":8,"36":8,"37":1,"38":7,"39":7,"40":7,"41":7,"42":3,"43":3,"44":3,"45":7,"46":7,"47":1,"48":1,"49":1,"50":2,"51":23,"52":23,"53":16,"54":16,"55":6,"56":6,"57":6,"58":16,"59":16,"60":16},"b":{"1":[8,13],"2":[3,5],"3":[6,15],"4":[21,1],"5":[15,1],"6":[1,1],"7":[1,7],"8":[3,4],"9":[1,6],"10":[16,7],"11":[6,10]},"f":{"1":51,"2":21,"3":0,"4":1,"5":22,"6":1,"7":16,"8":2,"9":8,"10":1,"11":23},"fnMap":{"1":{"name":"constructor","line":58,"loc":{"start":{"line":58,"column":4},"end":{"line":66,"column":4}}},"2":{"name":"onBeetsReward","line":74,"loc":{"start":{"line":68,"column":4},"end":{"line":97,"column":4}}},"3":{"name":"pendingTokens","line":99,"loc":{"start":{"line":99,"column":4},"end":{"line":114,"column":4}}},"4":{"name":"setRewardPerSecond","line":118,"loc":{"start":{"line":118,"column":4},"end":{"line":121,"column":4}}},"5":{"name":"onlyMasterChef","line":123,"loc":{"start":{"line":123,"column":4},"end":{"line":129,"column":4}}},"6":{"name":"poolLength","line":132,"loc":{"start":{"line":132,"column":4},"end":{"line":134,"column":4}}},"7":{"name":"add","line":139,"loc":{"start":{"line":139,"column":4},"end":{"line":151,"column":4}}},"8":{"name":"set","line":156,"loc":{"start":{"line":156,"column":4},"end":{"line":165,"column":4}}},"9":{"name":"pendingToken","line":171,"loc":{"start":{"line":171,"column":4},"end":{"line":206,"column":4}}},"10":{"name":"massUpdatePools","line":210,"loc":{"start":{"line":210,"column":4},"end":{"line":215,"column":4}}},"11":{"name":"updatePool","line":220,"loc":{"start":{"line":220,"column":4},"end":{"line":245,"column":4}}}},"statementMap":{"1":{"start":{"line":63,"column":8},"end":{"line":63,"column":33}},"2":{"start":{"line":64,"column":8},"end":{"line":64,"column":41}},"3":{"start":{"line":65,"column":8},"end":{"line":65,"column":31}},"4":{"start":{"line":75,"column":8},"end":{"line":75,"column":46}},"5":{"start":{"line":76,"column":8},"end":{"line":76,"column":66}},"6":{"start":{"line":77,"column":8},"end":{"line":77,"column":23}},"7":{"start":{"line":78,"column":8},"end":{"line":78,"column":2201}},"8":{"start":{"line":79,"column":12},"end":{"line":79,"column":2274}},"9":{"start":{"line":83,"column":12},"end":{"line":83,"column":2425}},"10":{"start":{"line":84,"column":16},"end":{"line":84,"column":61}},"11":{"start":{"line":87,"column":8},"end":{"line":87,"column":40}},"12":{"start":{"line":88,"column":8},"end":{"line":88,"column":2636}},"13":{"start":{"line":92,"column":8},"end":{"line":92,"column":2740}},"14":{"start":{"line":93,"column":12},"end":{"line":93,"column":55}},"15":{"start":{"line":96,"column":8},"end":{"line":96,"column":62}},"16":{"start":{"line":109,"column":8},"end":{"line":109,"column":55}},"17":{"start":{"line":110,"column":8},"end":{"line":110,"column":39}},"18":{"start":{"line":111,"column":8},"end":{"line":111,"column":58}},"19":{"start":{"line":112,"column":8},"end":{"line":112,"column":50}},"20":{"start":{"line":113,"column":8},"end":{"line":113,"column":46}},"21":{"start":{"line":119,"column":8},"end":{"line":119,"column":41}},"22":{"start":{"line":120,"column":8},"end":{"line":120,"column":49}},"23":{"start":{"line":124,"column":8},"end":{"line":124,"column":3796}},"24":{"start":{"line":133,"column":8},"end":{"line":133,"column":39}},"25":{"start":{"line":140,"column":8},"end":{"line":140,"column":72}},"26":{"start":{"line":141,"column":8},"end":{"line":141,"column":48}},"27":{"start":{"line":142,"column":8},"end":{"line":142,"column":53}},"28":{"start":{"line":144,"column":8},"end":{"line":144,"column":4511}},"29":{"start":{"line":149,"column":8},"end":{"line":149,"column":34}},"30":{"start":{"line":150,"column":8},"end":{"line":150,"column":45}},"31":{"start":{"line":157,"column":8},"end":{"line":157,"column":72}},"32":{"start":{"line":158,"column":8},"end":{"line":158,"column":5167}},"33":{"start":{"line":163,"column":8},"end":{"line":163,"column":44}},"34":{"start":{"line":164,"column":8},"end":{"line":164,"column":40}},"35":{"start":{"line":176,"column":8},"end":{"line":176,"column":45}},"36":{"start":{"line":177,"column":8},"end":{"line":177,"column":5749}},"37":{"start":{"line":178,"column":12},"end":{"line":178,"column":22}},"38":{"start":{"line":180,"column":12},"end":{"line":180,"column":57}},"39":{"start":{"line":181,"column":12},"end":{"line":181,"column":72}},"40":{"start":{"line":183,"column":12},"end":{"line":183,"column":5999}},"41":{"start":{"line":187,"column":12},"end":{"line":187,"column":6115}},"42":{"start":{"line":188,"column":16},"end":{"line":188,"column":6225}},"43":{"start":{"line":191,"column":16},"end":{"line":191,"column":6346}},"44":{"start":{"line":195,"column":16},"end":{"line":195,"column":6512}},"45":{"start":{"line":199,"column":12},"end":{"line":199,"column":6641}},"46":{"start":{"line":202,"column":12},"end":{"line":202,"column":6759}},"47":{"start":{"line":203,"column":16},"end":{"line":203,"column":61}},"48":{"start":{"line":211,"column":8},"end":{"line":211,"column":33}},"49":{"start":{"line":212,"column":8},"end":{"line":212,"column":7184}},"50":{"start":{"line":213,"column":12},"end":{"line":213,"column":30}},"51":{"start":{"line":221,"column":8},"end":{"line":221,"column":27}},"52":{"start":{"line":222,"column":8},"end":{"line":222,"column":7558}},"53":{"start":{"line":223,"column":12},"end":{"line":223,"column":7673}},"54":{"start":{"line":227,"column":12},"end":{"line":227,"column":7788}},"55":{"start":{"line":228,"column":16},"end":{"line":228,"column":68}},"56":{"start":{"line":229,"column":16},"end":{"line":229,"column":7941}},"57":{"start":{"line":232,"column":16},"end":{"line":232,"column":8099}},"58":{"start":{"line":236,"column":12},"end":{"line":236,"column":48}},"59":{"start":{"line":237,"column":12},"end":{"line":237,"column":31}},"60":{"start":{"line":238,"column":12},"end":{"line":238,"column":8306}}},"branchMap":{"1":{"line":78,"type":"if","locations":[{"start":{"line":78,"column":8},"end":{"line":78,"column":8}},{"start":{"line":78,"column":8},"end":{"line":78,"column":8}}]},"2":{"line":83,"type":"if","locations":[{"start":{"line":83,"column":12},"end":{"line":83,"column":12}},{"start":{"line":83,"column":12},"end":{"line":83,"column":12}}]},"3":{"line":92,"type":"if","locations":[{"start":{"line":92,"column":8},"end":{"line":92,"column":8}},{"start":{"line":92,"column":8},"end":{"line":92,"column":8}}]},"4":{"line":124,"type":"if","locations":[{"start":{"line":124,"column":8},"end":{"line":124,"column":8}},{"start":{"line":124,"column":8},"end":{"line":124,"column":8}}]},"5":{"line":140,"type":"if","locations":[{"start":{"line":140,"column":8},"end":{"line":140,"column":8}},{"start":{"line":140,"column":8},"end":{"line":140,"column":8}}]},"6":{"line":157,"type":"if","locations":[{"start":{"line":157,"column":8},"end":{"line":157,"column":8}},{"start":{"line":157,"column":8},"end":{"line":157,"column":8}}]},"7":{"line":177,"type":"if","locations":[{"start":{"line":177,"column":8},"end":{"line":177,"column":8}},{"start":{"line":177,"column":8},"end":{"line":177,"column":8}}]},"8":{"line":187,"type":"if","locations":[{"start":{"line":187,"column":12},"end":{"line":187,"column":12}},{"start":{"line":187,"column":12},"end":{"line":187,"column":12}}]},"9":{"line":202,"type":"if","locations":[{"start":{"line":202,"column":12},"end":{"line":202,"column":12}},{"start":{"line":202,"column":12},"end":{"line":202,"column":12}}]},"10":{"line":222,"type":"if","locations":[{"start":{"line":222,"column":8},"end":{"line":222,"column":8}},{"start":{"line":222,"column":8},"end":{"line":222,"column":8}}]},"11":{"line":227,"type":"if","locations":[{"start":{"line":227,"column":12},"end":{"line":227,"column":12}},{"start":{"line":227,"column":12},"end":{"line":227,"column":12}}]}}},
"contracts/token/BeethovenxMasterChef.sol":{"l":{"134":136,"138":135,"139":135,"140":135,"141":135,"145":1,"154":43,"158":42,"164":41,"170":40,"173":40,"176":40,"177":40,"178":40,"180":40,"187":40,"206":3,"213":3,"218":2,"220":2,"221":1,"223":2,"237":9,"238":9,"240":9,"242":9,"244":9,"245":4,"247":4,"253":4,"257":4,"263":9,"272":1,"273":1,"274":1,"280":65,"282":65,"284":55,"285":55,"286":29,"290":29,"294":29,"297":29,"302":29,"304":29,"308":55,"309":55,"311":55,"326":33,"327":33,"329":33,"333":33,"338":33,"339":33,"340":14,"343":33,"345":33,"349":1,"350":2,"351":2,"360":16,"361":16,"364":16,"367":16,"370":16,"372":16,"373":16,"376":16,"377":16,"378":7,"387":16,"399":10,"400":10,"402":10,"405":9,"408":9,"417":9,"421":9,"423":9,"425":9,"426":9,"427":1,"436":9,"438":9,"439":9,"444":1,"445":1,"446":1,"447":1,"449":1,"450":1,"451":1,"455":1,"456":1,"461":25,"462":25,"463":0,"465":25,"471":1,"472":1,"476":2,"480":1,"481":1},"path":"/Users/cudba/develop/repos/crypto/sushiswap/contracts/token/BeethovenxMasterChef.sol","s":{"1":136,"2":135,"3":135,"4":135,"5":135,"6":1,"7":43,"8":42,"9":41,"10":40,"11":40,"12":40,"13":40,"14":40,"15":40,"16":40,"17":3,"18":3,"19":2,"20":2,"21":1,"22":2,"23":9,"24":9,"25":9,"26":9,"27":9,"28":4,"29":4,"30":4,"31":4,"32":9,"33":1,"34":1,"35":1,"36":65,"37":65,"38":55,"39":55,"40":29,"41":29,"42":29,"43":29,"44":29,"45":29,"46":55,"47":55,"48":55,"49":33,"50":33,"51":33,"52":33,"53":33,"54":33,"55":14,"56":33,"57":33,"58":1,"59":2,"60":2,"61":16,"62":16,"63":16,"64":16,"65":16,"66":16,"67":16,"68":16,"69":16,"70":7,"71":16,"72":10,"73":10,"74":10,"75":9,"76":9,"77":9,"78":9,"79":9,"80":9,"81":9,"82":1,"83":9,"84":9,"85":9,"86":1,"87":1,"88":1,"89":1,"90":1,"91":1,"92":1,"93":1,"94":1,"95":25,"96":25,"97":0,"98":25,"99":1,"100":1,"101":2,"102":1,"103":1},"b":{"1":[135,1],"2":[42,1],"3":[41,1],"4":[40,1],"5":[3,0],"6":[1,1],"7":[4,5],"8":[55,10],"9":[29,26],"10":[14,19],"11":[2,0],"12":[16,0],"13":[7,9],"14":[9,1],"15":[1,8],"16":[1,0],"17":[0,25],"18":[1,1]},"f":{"1":136,"2":1,"3":43,"4":3,"5":9,"6":1,"7":65,"8":33,"9":1,"10":16,"11":10,"12":1,"13":25,"14":1,"15":2},"fnMap":{"1":{"name":"constructor","line":128,"loc":{"start":{"line":128,"column":4},"end":{"line":142,"column":4}}},"2":{"name":"poolLength","line":144,"loc":{"start":{"line":144,"column":4},"end":{"line":146,"column":4}}},"3":{"name":"add","line":153,"loc":{"start":{"line":149,"column":4},"end":{"line":193,"column":4}}},"4":{"name":"set","line":205,"loc":{"start":{"line":200,"column":4},"end":{"line":229,"column":4}}},"5":{"name":"pendingBeets","line":232,"loc":{"start":{"line":232,"column":4},"end":{"line":267,"column":4}}},"6":{"name":"massUpdatePools","line":271,"loc":{"start":{"line":271,"column":4},"end":{"line":276,"column":4}}},"7":{"name":"updatePool","line":279,"loc":{"start":{"line":279,"column":4},"end":{"line":318,"column":4}}},"8":{"name":"deposit","line":321,"loc":{"start":{"line":321,"column":4},"end":{"line":346,"column":4}}},"9":{"name":"harvestAll","line":348,"loc":{"start":{"line":348,"column":4},"end":{"line":354,"column":4}}},"10":{"name":"harvest","line":359,"loc":{"start":{"line":359,"column":4},"end":{"line":388,"column":4}}},"11":{"name":"withdrawAndHarvest","line":394,"loc":{"start":{"line":394,"column":4},"end":{"line":440,"column":4}}},"12":{"name":"emergencyWithdraw","line":443,"loc":{"start":{"line":443,"column":4},"end":{"line":457,"column":4}}},"13":{"name":"safeBeetsTransfer","line":460,"loc":{"start":{"line":460,"column":4},"end":{"line":467,"column":4}}},"14":{"name":"treasury","line":470,"loc":{"start":{"line":470,"column":4},"end":{"line":473,"column":4}}},"15":{"name":"updateEmissionRate","line":475,"loc":{"start":{"line":475,"column":4},"end":{"line":482,"column":4}}}},"statementMap":{"1":{"start":{"line":134,"column":8},"end":{"line":134,"column":5039}},"2":{"start":{"line":138,"column":8},"end":{"line":138,"column":21}},"3":{"start":{"line":139,"column":8},"end":{"line":139,"column":41}},"4":{"start":{"line":140,"column":8},"end":{"line":140,"column":37}},"5":{"start":{"line":141,"column":8},"end":{"line":141,"column":31}},"6":{"start":{"line":145,"column":8},"end":{"line":145,"column":30}},"7":{"start":{"line":154,"column":8},"end":{"line":154,"column":5608}},"8":{"start":{"line":158,"column":8},"end":{"line":158,"column":5740}},"9":{"start":{"line":164,"column":8},"end":{"line":164,"column":6009}},"10":{"start":{"line":170,"column":8},"end":{"line":170,"column":6180}},"11":{"start":{"line":173,"column":8},"end":{"line":173,"column":54}},"12":{"start":{"line":176,"column":8},"end":{"line":176,"column":30}},"13":{"start":{"line":177,"column":8},"end":{"line":177,"column":46}},"14":{"start":{"line":178,"column":8},"end":{"line":178,"column":31}},"15":{"start":{"line":180,"column":8},"end":{"line":180,"column":6551}},"16":{"start":{"line":187,"column":8},"end":{"line":187,"column":6751}},"17":{"start":{"line":206,"column":8},"end":{"line":206,"column":7393}},"18":{"start":{"line":213,"column":8},"end":{"line":213,"column":7645}},"19":{"start":{"line":218,"column":8},"end":{"line":218,"column":46}},"20":{"start":{"line":220,"column":8},"end":{"line":220,"column":7803}},"21":{"start":{"line":221,"column":12},"end":{"line":221,"column":37}},"22":{"start":{"line":223,"column":8},"end":{"line":223,"column":7879}},"23":{"start":{"line":237,"column":8},"end":{"line":237,"column":46}},"24":{"start":{"line":238,"column":8},"end":{"line":238,"column":53}},"25":{"start":{"line":240,"column":8},"end":{"line":240,"column":56}},"26":{"start":{"line":242,"column":8},"end":{"line":242,"column":66}},"27":{"start":{"line":244,"column":8},"end":{"line":244,"column":8534}},"28":{"start":{"line":245,"column":12},"end":{"line":245,"column":79}},"29":{"start":{"line":247,"column":12},"end":{"line":247,"column":8844}},"30":{"start":{"line":253,"column":12},"end":{"line":253,"column":9108}},"31":{"start":{"line":257,"column":12},"end":{"line":257,"column":9336}},"32":{"start":{"line":263,"column":8},"end":{"line":263,"column":9643}},"33":{"start":{"line":272,"column":8},"end":{"line":272,"column":33}},"34":{"start":{"line":273,"column":8},"end":{"line":273,"column":10032}},"35":{"start":{"line":274,"column":12},"end":{"line":274,"column":30}},"36":{"start":{"line":280,"column":8},"end":{"line":280,"column":28}},"37":{"start":{"line":282,"column":8},"end":{"line":282,"column":10303}},"38":{"start":{"line":284,"column":12},"end":{"line":284,"column":70}},"39":{"start":{"line":285,"column":12},"end":{"line":285,"column":10486}},"40":{"start":{"line":286,"column":16},"end":{"line":286,"column":10550}},"41":{"start":{"line":290,"column":16},"end":{"line":290,"column":10742}},"42":{"start":{"line":294,"column":16},"end":{"line":294,"column":10869}},"43":{"start":{"line":297,"column":16},"end":{"line":297,"column":10969}},"44":{"start":{"line":302,"column":16},"end":{"line":302,"column":61}},"45":{"start":{"line":304,"column":16},"end":{"line":304,"column":11242}},"46":{"start":{"line":308,"column":12},"end":{"line":308,"column":46}},"47":{"start":{"line":309,"column":12},"end":{"line":309,"column":32}},"48":{"start":{"line":311,"column":12},"end":{"line":311,"column":11437}},"49":{"start":{"line":326,"column":8},"end":{"line":326,"column":47}},"50":{"start":{"line":327,"column":8},"end":{"line":327,"column":51}},"51":{"start":{"line":329,"column":8},"end":{"line":329,"column":42}},"52":{"start":{"line":333,"column":8},"end":{"line":333,"column":12234}},"53":{"start":{"line":338,"column":8},"end":{"line":338,"column":44}},"54":{"start":{"line":339,"column":8},"end":{"line":339,"column":12396}},"55":{"start":{"line":340,"column":12},"end":{"line":340,"column":66}},"56":{"start":{"line":343,"column":8},"end":{"line":343,"column":74}},"57":{"start":{"line":345,"column":8},"end":{"line":345,"column":52}},"58":{"start":{"line":349,"column":8},"end":{"line":349,"column":12737}},"59":{"start":{"line":350,"column":12},"end":{"line":350,"column":12798}},"60":{"start":{"line":351,"column":16},"end":{"line":351,"column":37}},"61":{"start":{"line":360,"column":8},"end":{"line":360,"column":47}},"62":{"start":{"line":361,"column":8},"end":{"line":361,"column":58}},"63":{"start":{"line":364,"column":8},"end":{"line":364,"column":13372}},"64":{"start":{"line":367,"column":8},"end":{"line":367,"column":66}},"65":{"start":{"line":370,"column":8},"end":{"line":370,"column":41}},"66":{"start":{"line":372,"column":8},"end":{"line":372,"column":13744}},"67":{"start":{"line":373,"column":12},"end":{"line":373,"column":48}},"68":{"start":{"line":376,"column":8},"end":{"line":376,"column":44}},"69":{"start":{"line":377,"column":8},"end":{"line":377,"column":13885}},"70":{"start":{"line":378,"column":12},"end":{"line":378,"column":13941}},"71":{"start":{"line":387,"column":8},"end":{"line":387,"column":53}},"72":{"start":{"line":399,"column":8},"end":{"line":399,"column":47}},"73":{"start":{"line":400,"column":8},"end":{"line":400,"column":58}},"74":{"start":{"line":402,"column":8},"end":{"line":402,"column":77}},"75":{"start":{"line":405,"column":8},"end":{"line":405,"column":14879}},"76":{"start":{"line":408,"column":8},"end":{"line":408,"column":66}},"77":{"start":{"line":417,"column":8},"end":{"line":417,"column":15461}},"78":{"start":{"line":421,"column":8},"end":{"line":421,"column":42}},"79":{"start":{"line":423,"column":8},"end":{"line":423,"column":44}},"80":{"start":{"line":425,"column":8},"end":{"line":425,"column":44}},"81":{"start":{"line":426,"column":8},"end":{"line":426,"column":15717}},"82":{"start":{"line":427,"column":12},"end":{"line":427,"column":15773}},"83":{"start":{"line":436,"column":8},"end":{"line":436,"column":48}},"84":{"start":{"line":438,"column":8},"end":{"line":438,"column":53}},"85":{"start":{"line":439,"column":8},"end":{"line":439,"column":53}},"86":{"start":{"line":444,"column":8},"end":{"line":444,"column":58}},"87":{"start":{"line":445,"column":8},"end":{"line":445,"column":36}},"88":{"start":{"line":446,"column":8},"end":{"line":446,"column":22}},"89":{"start":{"line":447,"column":8},"end":{"line":447,"column":26}},"90":{"start":{"line":449,"column":8},"end":{"line":449,"column":44}},"91":{"start":{"line":450,"column":8},"end":{"line":450,"column":16455}},"92":{"start":{"line":451,"column":12},"end":{"line":451,"column":63}},"93":{"start":{"line":455,"column":8},"end":{"line":455,"column":47}},"94":{"start":{"line":456,"column":8},"end":{"line":456,"column":61}},"95":{"start":{"line":461,"column":8},"end":{"line":461,"column":61}},"96":{"start":{"line":462,"column":8},"end":{"line":462,"column":17008}},"97":{"start":{"line":463,"column":12},"end":{"line":463,"column":44}},"98":{"start":{"line":465,"column":12},"end":{"line":465,"column":39}},"99":{"start":{"line":471,"column":8},"end":{"line":471,"column":41}},"100":{"start":{"line":472,"column":8},"end":{"line":472,"column":66}},"101":{"start":{"line":476,"column":8},"end":{"line":476,"column":17475}},"102":{"start":{"line":480,"column":8},"end":{"line":480,"column":37}},"103":{"start":{"line":481,"column":8},"end":{"line":481,"column":59}}},"branchMap":{"1":{"line":134,"type":"if","locations":[{"start":{"line":134,"column":8},"end":{"line":134,"column":8}},{"start":{"line":134,"column":8},"end":{"line":134,"column":8}}]},"2":{"line":154,"type":"if","locations":[{"start":{"line":154,"column":8},"end":{"line":154,"column":8}},{"start":{"line":154,"column":8},"end":{"line":154,"column":8}}]},"3":{"line":158,"type":"if","locations":[{"start":{"line":158,"column":8},"end":{"line":158,"column":8}},{"start":{"line":158,"column":8},"end":{"line":158,"column":8}}]},"4":{"line":164,"type":"if","locations":[{"start":{"line":164,"column":8},"end":{"line":164,"column":8}},{"start":{"line":164,"column":8},"end":{"line":164,"column":8}}]},"5":{"line":206,"type":"if","locations":[{"start":{"line":206,"column":8},"end":{"line":206,"column":8}},{"start":{"line":206,"column":8},"end":{"line":206,"column":8}}]},"6":{"line":220,"type":"if","locations":[{"start":{"line":220,"column":8},"end":{"line":220,"column":8}},{"start":{"line":220,"column":8},"end":{"line":220,"column":8}}]},"7":{"line":244,"type":"if","locations":[{"start":{"line":244,"column":8},"end":{"line":244,"column":8}},{"start":{"line":244,"column":8},"end":{"line":244,"column":8}}]},"8":{"line":282,"type":"if","locations":[{"start":{"line":282,"column":8},"end":{"line":282,"column":8}},{"start":{"line":282,"column":8},"end":{"line":282,"column":8}}]},"9":{"line":285,"type":"if","locations":[{"start":{"line":285,"column":12},"end":{"line":285,"column":12}},{"start":{"line":285,"column":12},"end":{"line":285,"column":12}}]},"10":{"line":339,"type":"if","locations":[{"start":{"line":339,"column":8},"end":{"line":339,"column":8}},{"start":{"line":339,"column":8},"end":{"line":339,"column":8}}]},"11":{"line":350,"type":"if","locations":[{"start":{"line":350,"column":12},"end":{"line":350,"column":12}},{"start":{"line":350,"column":12},"end":{"line":350,"column":12}}]},"12":{"line":372,"type":"if","locations":[{"start":{"line":372,"column":8},"end":{"line":372,"column":8}},{"start":{"line":372,"column":8},"end":{"line":372,"column":8}}]},"13":{"line":377,"type":"if","locations":[{"start":{"line":377,"column":8},"end":{"line":377,"column":8}},{"start":{"line":377,"column":8},"end":{"line":377,"column":8}}]},"14":{"line":402,"type":"if","locations":[{"start":{"line":402,"column":8},"end":{"line":402,"column":8}},{"start":{"line":402,"column":8},"end":{"line":402,"column":8}}]},"15":{"line":426,"type":"if","locations":[{"start":{"line":426,"column":8},"end":{"line":426,"column":8}},{"start":{"line":426,"column":8},"end":{"line":426,"column":8}}]},"16":{"line":450,"type":"if","locations":[{"start":{"line":450,"column":8},"end":{"line":450,"column":8}},{"start":{"line":450,"column":8},"end":{"line":450,"column":8}}]},"17":{"line":462,"type":"if","locations":[{"start":{"line":462,"column":8},"end":{"line":462,"column":8}},{"start":{"line":462,"column":8},"end":{"line":462,"column":8}}]},"18":{"line":476,"type":"if","locations":[{"start":{"line":476,"column":8},"end":{"line":476,"column":8}},{"start":{"line":476,"column":8},"end":{"line":476,"column":8}}]}}},
"contracts/token/BeethovenxToken.sol":{"l":{"13":62,"17":61},"path":"/Users/cudba/develop/repos/crypto/sushiswap/contracts/token/BeethovenxToken.sol","s":{"1":62,"2":61},"b":{"1":[61,1]},"f":{"1":62},"fnMap":{"1":{"name":"mint","line":12,"loc":{"start":{"line":12,"column":4},"end":{"line":18,"column":4}}}},"statementMap":{"1":{"start":{"line":13,"column":8},"end":{"line":13,"column":513}},"2":{"start":{"line":17,"column":8},"end":{"line":17,"column":26}}},"branchMap":{"1":{"line":13,"type":"if","locations":[{"start":{"line":13,"column":8},"end":{"line":13,"column":8}},{"start":{"line":13,"column":8},"end":{"line":13,"column":8}}]}}},
"contracts/vesting/MasterChefLpTokenTimelock.sol":{"l":{"47":22,"51":22,"55":21,"56":21,"57":21,"58":21,"59":21,"66":6,"73":7,"80":8,"87":7,"92":4,"97":4,"104":4,"106":4,"107":1,"112":10,"119":5,"121":5,"122":5,"130":1},"path":"/Users/cudba/develop/repos/crypto/sushiswap/contracts/vesting/MasterChefLpTokenTimelock.sol","s":{"1":22,"2":22,"3":21,"4":21,"5":21,"6":21,"7":21,"8":6,"9":7,"10":8,"11":7,"12":4,"13":4,"14":4,"15":4,"16":1,"17":10,"18":5,"19":5,"20":5,"21":1},"b":{"1":[22,0],"2":[21,1],"3":[4,3],"4":[1,3]},"f":{"1":22,"2":6,"3":7,"4":8,"5":7,"6":10,"7":5,"8":1},"fnMap":{"1":{"name":"constructor","line":40,"loc":{"start":{"line":40,"column":4},"end":{"line":60,"column":4}}},"2":{"name":"token","line":65,"loc":{"start":{"line":65,"column":4},"end":{"line":67,"column":4}}},"3":{"name":"beneficiary","line":72,"loc":{"start":{"line":72,"column":4},"end":{"line":74,"column":4}}},"4":{"name":"releaseTime","line":79,"loc":{"start":{"line":79,"column":4},"end":{"line":81,"column":4}}},"5":{"name":"release","line":86,"loc":{"start":{"line":86,"column":4},"end":{"line":109,"column":4}}},"6":{"name":"masterChefPoolId","line":111,"loc":{"start":{"line":111,"column":4},"end":{"line":113,"column":4}}},"7":{"name":"depositAllToMasterChef","line":118,"loc":{"start":{"line":118,"column":4},"end":{"line":127,"column":4}}},"8":{"name":"harvest","line":129,"loc":{"start":{"line":129,"column":4},"end":{"line":131,"column":4}}}},"statementMap":{"1":{"start":{"line":47,"column":8},"end":{"line":47,"column":1360}},"2":{"start":{"line":51,"column":8},"end":{"line":51,"column":1497}},"3":{"start":{"line":55,"column":8},"end":{"line":55,"column":22}},"4":{"start":{"line":56,"column":8},"end":{"line":56,"column":34}},"5":{"start":{"line":57,"column":8},"end":{"line":57,"column":34}},"6":{"start":{"line":58,"column":8},"end":{"line":58,"column":32}},"7":{"start":{"line":59,"column":8},"end":{"line":59,"column":44}},"8":{"start":{"line":66,"column":8},"end":{"line":66,"column":21}},"9":{"start":{"line":73,"column":8},"end":{"line":73,"column":27}},"10":{"start":{"line":80,"column":8},"end":{"line":80,"column":27}},"11":{"start":{"line":87,"column":8},"end":{"line":87,"column":2404}},"12":{"start":{"line":92,"column":8},"end":{"line":92,"column":2545}},"13":{"start":{"line":97,"column":8},"end":{"line":97,"column":2733}},"14":{"start":{"line":104,"column":8},"end":{"line":104,"column":62}},"15":{"start":{"line":106,"column":8},"end":{"line":106,"column":2990}},"16":{"start":{"line":107,"column":12},"end":{"line":107,"column":59}},"17":{"start":{"line":112,"column":8},"end":{"line":112,"column":32}},"18":{"start":{"line":119,"column":8},"end":{"line":119,"column":65}},"19":{"start":{"line":121,"column":8},"end":{"line":121,"column":76}},"20":{"start":{"line":122,"column":8},"end":{"line":122,"column":3502}},"21":{"start":{"line":130,"column":8},"end":{"line":130,"column":61}}},"branchMap":{"1":{"line":47,"type":"if","locations":[{"start":{"line":47,"column":8},"end":{"line":47,"column":8}},{"start":{"line":47,"column":8},"end":{"line":47,"column":8}}]},"2":{"line":51,"type":"if","locations":[{"start":{"line":51,"column":8},"end":{"line":51,"column":8}},{"start":{"line":51,"column":8},"end":{"line":51,"column":8}}]},"3":{"line":87,"type":"if","locations":[{"start":{"line":87,"column":8},"end":{"line":87,"column":8}},{"start":{"line":87,"column":8},"end":{"line":87,"column":8}}]},"4":{"line":106,"type":"if","locations":[{"start":{"line":106,"column":8},"end":{"line":106,"column":8}},{"start":{"line":106,"column":8},"end":{"line":106,"column":8}}]}}}}
