{
"contracts/governance/BeetsBar.sol":{"l":{"27":126,"31":41,"32":41,"36":41,"38":41,"39":41,"41":41,"42":23,"46":18,"49":18,"51":41,"52":41,"57":0,"58":0,"61":0,"63":0,"65":0,"66":0,"68":0,"73":0,"74":0},"path":"/Users/cudba/develop/repos/crypto/sushiswap/contracts/governance/BeetsBar.sol","s":{"1":126,"2":41,"3":41,"4":41,"5":41,"6":41,"7":41,"8":23,"9":18,"10":18,"11":41,"12":41,"13":0,"14":0,"15":0,"16":0,"17":0,"18":0,"19":0,"20":0,"21":0},"b":{"1":[41,0],"2":[23,18],"3":[0,0]},"f":{"1":126,"2":41,"3":0,"4":0},"fnMap":{"1":{"name":"constructor","line":26,"loc":{"start":{"line":26,"column":4},"end":{"line":28,"column":4}}},"2":{"name":"enter","line":30,"loc":{"start":{"line":30,"column":4},"end":{"line":54,"column":4}}},"3":{"name":"leave","line":56,"loc":{"start":{"line":56,"column":4},"end":{"line":70,"column":4}}},"4":{"name":"shareRevenue","line":72,"loc":{"start":{"line":72,"column":4},"end":{"line":75,"column":4}}}},"statementMap":{"1":{"start":{"line":27,"column":8},"end":{"line":27,"column":35}},"2":{"start":{"line":31,"column":8},"end":{"line":31,"column":779}},"3":{"start":{"line":32,"column":12},"end":{"line":32,"column":815}},"4":{"start":{"line":36,"column":12},"end":{"line":36,"column":51}},"5":{"start":{"line":38,"column":12},"end":{"line":38,"column":72}},"6":{"start":{"line":39,"column":12},"end":{"line":39,"column":30}},"7":{"start":{"line":41,"column":12},"end":{"line":41,"column":1159}},"8":{"start":{"line":42,"column":16},"end":{"line":42,"column":35}},"9":{"start":{"line":46,"column":16},"end":{"line":46,"column":1439}},"10":{"start":{"line":49,"column":16},"end":{"line":49,"column":45}},"11":{"start":{"line":51,"column":12},"end":{"line":51,"column":40}},"12":{"start":{"line":52,"column":12},"end":{"line":52,"column":55}},"13":{"start":{"line":57,"column":8},"end":{"line":57,"column":1753}},"14":{"start":{"line":58,"column":12},"end":{"line":58,"column":1800}},"15":{"start":{"line":61,"column":12},"end":{"line":61,"column":51}},"16":{"start":{"line":63,"column":12},"end":{"line":63,"column":2059}},"17":{"start":{"line":65,"column":12},"end":{"line":65,"column":48}},"18":{"start":{"line":66,"column":12},"end":{"line":66,"column":52}},"19":{"start":{"line":68,"column":12},"end":{"line":68,"column":62}},"20":{"start":{"line":73,"column":8},"end":{"line":73,"column":68}},"21":{"start":{"line":74,"column":8},"end":{"line":74,"column":34}}},"branchMap":{"1":{"line":31,"type":"if","locations":[{"start":{"line":31,"column":8},"end":{"line":31,"column":8}},{"start":{"line":31,"column":8},"end":{"line":31,"column":8}}]},"2":{"line":41,"type":"if","locations":[{"start":{"line":41,"column":12},"end":{"line":41,"column":12}},{"start":{"line":41,"column":12},"end":{"line":41,"column":12}}]},"3":{"line":57,"type":"if","locations":[{"start":{"line":57,"column":8},"end":{"line":57,"column":8}},{"start":{"line":57,"column":8},"end":{"line":57,"column":8}}]}}},
"contracts/governance/FBeetsLocker.sol":{"l":{"118":126,"119":126,"120":126,"122":126,"131":1,"135":1,"139":1,"149":15,"153":14,"157":13,"158":13,"159":13,"160":13,"169":4,"173":3,"181":3,"182":2,"183":1,"184":1,"189":4,"199":23,"200":5,"203":18,"204":18,"207":18,"218":6,"231":36,"239":2,"248":1,"257":1,"258":1,"259":1,"260":1,"261":1,"262":1,"264":1,"273":1,"278":91,"283":3,"284":3,"285":3,"288":3,"290":3,"292":3,"293":5,"294":2,"297":3,"302":3,"306":1,"309":3,"318":3,"321":3,"323":3,"326":3,"328":3,"329":1,"331":2,"347":2,"352":2,"353":2,"354":2,"357":2,"358":2,"360":2,"361":1,"365":1,"374":1,"384":5,"385":1,"387":4,"389":4,"397":4,"401":4,"410":4,"415":4,"416":4,"419":4,"421":4,"422":12,"424":11,"425":11,"426":11,"428":3,"430":2,"432":6,"435":1,"449":1,"450":1,"451":1,"452":1,"453":1,"454":4,"455":2,"456":1,"458":2,"459":2,"460":2,"462":2,"465":1,"470":2,"476":4,"481":45,"485":45,"487":25,"488":164,"490":164,"502":42,"505":42,"510":44,"511":43,"513":41,"516":41,"519":41,"521":41,"524":41,"525":41,"527":41,"529":41,"530":40,"534":1,"535":1,"539":41,"540":41,"542":41,"553":9,"554":9,"555":9,"556":9,"557":9,"559":9,"561":8,"565":3,"568":3,"574":3,"575":1,"578":1,"581":1,"586":1,"592":5,"593":5,"595":10,"598":5,"602":5,"603":2,"606":2,"609":2,"613":2,"616":5,"619":5,"621":8,"624":7,"625":7,"627":7,"630":7,"632":2,"634":2,"636":2,"640":7,"641":2,"644":5,"653":7,"658":2,"673":3,"674":3,"675":3,"676":3,"677":3,"678":3,"680":3,"688":11,"691":11,"692":9,"695":2,"697":2,"698":2,"701":11,"702":11,"709":11,"710":11,"712":11,"716":11,"722":11,"729":3,"733":2,"737":1,"738":1,"744":65,"746":65,"747":65,"748":16,"749":16,"750":16,"753":16,"754":5,"759":5,"764":65},"path":"/Users/cudba/develop/repos/crypto/sushiswap/contracts/governance/FBeetsLocker.sol","s":{"1":126,"2":126,"3":126,"4":126,"5":1,"6":1,"7":1,"8":15,"9":14,"10":13,"11":13,"12":13,"13":13,"14":4,"15":3,"16":3,"17":2,"18":1,"19":1,"20":4,"21":23,"22":5,"23":18,"24":18,"25":18,"26":6,"27":36,"28":2,"29":1,"30":1,"31":1,"32":1,"33":1,"34":1,"35":1,"36":1,"37":1,"38":91,"39":3,"40":3,"41":3,"42":3,"43":3,"44":3,"45":5,"46":2,"47":3,"48":1,"49":3,"50":3,"51":3,"52":3,"53":3,"54":3,"55":1,"56":2,"57":2,"58":2,"59":2,"60":2,"61":2,"62":1,"63":1,"64":5,"65":1,"66":4,"67":4,"68":4,"69":4,"70":4,"71":4,"72":4,"73":4,"74":12,"75":11,"76":11,"77":11,"78":3,"79":8,"80":2,"81":6,"82":1,"83":1,"84":1,"85":1,"86":1,"87":1,"88":4,"89":2,"90":1,"91":2,"92":2,"93":2,"94":1,"95":2,"96":4,"97":45,"98":45,"99":25,"100":164,"101":164,"102":42,"103":42,"104":44,"105":43,"106":41,"107":41,"108":41,"109":41,"110":41,"111":41,"112":41,"113":41,"114":40,"115":1,"116":1,"117":41,"118":41,"119":41,"120":9,"121":9,"122":9,"123":9,"124":9,"125":9,"126":8,"127":3,"128":3,"129":3,"130":1,"131":1,"132":1,"133":1,"134":5,"135":5,"136":10,"137":5,"138":5,"139":2,"140":2,"141":2,"142":2,"143":5,"144":8,"145":7,"146":7,"147":7,"148":7,"149":2,"150":2,"151":2,"152":7,"153":2,"154":5,"155":7,"156":2,"157":3,"158":3,"159":3,"160":3,"161":3,"162":3,"163":3,"164":11,"165":11,"166":9,"167":2,"168":2,"169":2,"170":11,"171":11,"172":11,"173":11,"174":11,"175":11,"176":11,"177":3,"178":2,"179":1,"180":1,"181":65,"182":65,"183":16,"184":16,"185":16,"186":16,"187":5,"188":5},"b":{"1":[14,1],"2":[13,1],"3":[3,1],"4":[2,1],"5":[1,1],"6":[5,18],"7":[2,3],"8":[1,2],"9":[1,2],"10":[2,0],"11":[1,1],"12":[1,4],"13":[1,11],"14":[3,8],"15":[2,6],"16":[2,2],"17":[1,1],"18":[25,20],"19":[43,1],"20":[41,2],"21":[40,1],"22":[8,1],"23":[3,5],"24":[1,2],"25":[5,5],"26":[2,3],"27":[7,1],"28":[2,5],"29":[2,5],"30":[3,0],"31":[9,2],"32":[11,0],"33":[11,0],"34":[2,1],"35":[1,1],"36":[5,11]},"f":{"1":126,"2":1,"3":1,"4":1,"5":15,"6":4,"7":3,"8":4,"9":23,"10":6,"11":36,"12":2,"13":1,"14":1,"15":1,"16":91,"17":3,"18":3,"19":2,"20":5,"21":4,"22":1,"23":2,"24":4,"25":45,"26":42,"27":44,"28":9,"29":7,"30":2,"31":3,"32":11,"33":11,"34":3,"35":65},"fnMap":{"1":{"name":"constructor","line":113,"loc":{"start":{"line":113,"column":4},"end":{"line":128,"column":4}}},"2":{"name":"decimals","line":130,"loc":{"start":{"line":130,"column":4},"end":{"line":132,"column":4}}},"3":{"name":"name","line":134,"loc":{"start":{"line":134,"column":4},"end":{"line":136,"column":4}}},"4":{"name":"symbol","line":138,"loc":{"start":{"line":138,"column":4},"end":{"line":140,"column":4}}},"5":{"name":"addReward","line":147,"loc":{"start":{"line":145,"column":4},"end":{"line":161,"column":4}}},"6":{"name":"approveRewardDistributor","line":168,"loc":{"start":{"line":164,"column":4},"end":{"line":174,"column":4}}},"7":{"name":"setKickIncentive","line":180,"loc":{"start":{"line":177,"column":4},"end":{"line":185,"column":4}}},"8":{"name":"shutdown","line":188,"loc":{"start":{"line":188,"column":4},"end":{"line":190,"column":4}}},"9":{"name":"_rewardPerToken","line":194,"loc":{"start":{"line":194,"column":4},"end":{"line":211,"column":4}}},"10":{"name":"_earned","line":213,"loc":{"start":{"line":213,"column":4},"end":{"line":224,"column":4}}},"11":{"name":"_lastTimeRewardApplicable","line":226,"loc":{"start":{"line":226,"column":4},"end":{"line":232,"column":4}}},"12":{"name":"lastTimeRewardApplicable","line":234,"loc":{"start":{"line":234,"column":4},"end":{"line":241,"column":4}}},"13":{"name":"rewardPerToken","line":243,"loc":{"start":{"line":243,"column":4},"end":{"line":249,"column":4}}},"14":{"name":"claimableRewards","line":252,"loc":{"start":{"line":252,"column":4},"end":{"line":265,"column":4}}},"15":{"name":"lockedBalanceOf","line":268,"loc":{"start":{"line":268,"column":4},"end":{"line":274,"column":4}}},"16":{"name":"_currentEpoch","line":277,"loc":{"start":{"line":277,"column":4},"end":{"line":279,"column":4}}},"17":{"name":"balanceOf","line":282,"loc":{"start":{"line":282,"column":4},"end":{"line":310,"column":4}}},"18":{"name":"balanceAtEpochOf","line":313,"loc":{"start":{"line":313,"column":4},"end":{"line":348,"column":4}}},"19":{"name":"totalSupply","line":351,"loc":{"start":{"line":351,"column":4},"end":{"line":375,"column":4}}},"20":{"name":"totalSupplyAtEpoch","line":378,"loc":{"start":{"line":378,"column":4},"end":{"line":411,"column":4}}},"21":{"name":"findEpochId","line":414,"loc":{"start":{"line":414,"column":4},"end":{"line":436,"column":4}}},"22":{"name":"lockedBalances","line":439,"loc":{"start":{"line":439,"column":4},"end":{"line":466,"column":4}}},"23":{"name":"epochCount","line":469,"loc":{"start":{"line":469,"column":4},"end":{"line":471,"column":4}}},"24":{"name":"checkpointEpoch","line":475,"loc":{"start":{"line":475,"column":4},"end":{"line":477,"column":4}}},"25":{"name":"_checkpointEpoch","line":480,"loc":{"start":{"line":480,"column":4},"end":{"line":493,"column":4}}},"26":{"name":"lock","line":499,"loc":{"start":{"line":496,"column":4},"end":{"line":506,"column":4}}},"27":{"name":"_lock","line":509,"loc":{"start":{"line":509,"column":4},"end":{"line":543,"column":4}}},"28":{"name":"_processExpiredLocks","line":552,"loc":{"start":{"line":546,"column":4},"end":{"line":646,"column":4}}},"29":{"name":"processExpiredLocks","line":651,"loc":{"start":{"line":649,"column":4},"end":{"line":654,"column":4}}},"30":{"name":"kickExpiredLocks","line":656,"loc":{"start":{"line":656,"column":4},"end":{"line":665,"column":4}}},"31":{"name":"getReward","line":671,"loc":{"start":{"line":668,"column":4},"end":{"line":683,"column":4}}},"32":{"name":"_notifyReward","line":687,"loc":{"start":{"line":687,"column":4},"end":{"line":703,"column":4}}},"33":{"name":"notifyRewardAmount","line":707,"loc":{"start":{"line":705,"column":4},"end":{"line":723,"column":4}}},"34":{"name":"recoverERC20","line":727,"loc":{"start":{"line":725,"column":4},"end":{"line":739,"column":4}}},"35":{"name":"updateReward","line":743,"loc":{"start":{"line":743,"column":4},"end":{"line":765,"column":4}}}},"statementMap":{"1":{"start":{"line":118,"column":8},"end":{"line":118,"column":35}},"2":{"start":{"line":119,"column":8},"end":{"line":119,"column":37}},"3":{"start":{"line":120,"column":8},"end":{"line":120,"column":35}},"4":{"start":{"line":122,"column":8},"end":{"line":122,"column":3608}},"5":{"start":{"line":131,"column":8},"end":{"line":131,"column":24}},"6":{"start":{"line":135,"column":8},"end":{"line":135,"column":20}},"7":{"start":{"line":139,"column":8},"end":{"line":139,"column":22}},"8":{"start":{"line":149,"column":8},"end":{"line":149,"column":4272}},"9":{"start":{"line":153,"column":8},"end":{"line":153,"column":4400}},"10":{"start":{"line":157,"column":8},"end":{"line":157,"column":39}},"11":{"start":{"line":158,"column":8},"end":{"line":158,"column":65}},"12":{"start":{"line":159,"column":8},"end":{"line":159,"column":63}},"13":{"start":{"line":160,"column":8},"end":{"line":160,"column":61}},"14":{"start":{"line":169,"column":8},"end":{"line":169,"column":4999}},"15":{"start":{"line":173,"column":8},"end":{"line":173,"column":66}},"16":{"start":{"line":181,"column":8},"end":{"line":181,"column":75}},"17":{"start":{"line":182,"column":8},"end":{"line":182,"column":76}},"18":{"start":{"line":183,"column":8},"end":{"line":183,"column":47}},"19":{"start":{"line":184,"column":8},"end":{"line":184,"column":51}},"20":{"start":{"line":189,"column":8},"end":{"line":189,"column":24}},"21":{"start":{"line":199,"column":8},"end":{"line":199,"column":5912}},"22":{"start":{"line":200,"column":12},"end":{"line":200,"column":65}},"23":{"start":{"line":203,"column":8},"end":{"line":203,"column":56}},"24":{"start":{"line":204,"column":8},"end":{"line":204,"column":6115}},"25":{"start":{"line":207,"column":8},"end":{"line":207,"column":6277}},"26":{"start":{"line":218,"column":8},"end":{"line":218,"column":6600}},"27":{"start":{"line":231,"column":8},"end":{"line":231,"column":53}},"28":{"start":{"line":239,"column":8},"end":{"line":239,"column":7168}},"29":{"start":{"line":248,"column":8},"end":{"line":248,"column":45}},"30":{"start":{"line":257,"column":8},"end":{"line":257,"column":58}},"31":{"start":{"line":258,"column":8},"end":{"line":258,"column":62}},"32":{"start":{"line":259,"column":8},"end":{"line":259,"column":7705}},"33":{"start":{"line":260,"column":12},"end":{"line":260,"column":43}},"34":{"start":{"line":261,"column":12},"end":{"line":261,"column":39}},"35":{"start":{"line":262,"column":12},"end":{"line":262,"column":73}},"36":{"start":{"line":264,"column":8},"end":{"line":264,"column":26}},"37":{"start":{"line":273,"column":8},"end":{"line":273,"column":43}},"38":{"start":{"line":278,"column":8},"end":{"line":278,"column":64}},"39":{"start":{"line":283,"column":8},"end":{"line":283,"column":56}},"40":{"start":{"line":284,"column":8},"end":{"line":284,"column":54}},"41":{"start":{"line":285,"column":8},"end":{"line":285,"column":61}},"42":{"start":{"line":288,"column":8},"end":{"line":288,"column":44}},"43":{"start":{"line":290,"column":8},"end":{"line":290,"column":42}},"44":{"start":{"line":292,"column":8},"end":{"line":292,"column":8999}},"45":{"start":{"line":293,"column":12},"end":{"line":293,"column":9073}},"46":{"start":{"line":294,"column":16},"end":{"line":294,"column":48}},"47":{"start":{"line":302,"column":8},"end":{"line":302,"column":9352}},"48":{"start":{"line":306,"column":12},"end":{"line":306,"column":58}},"49":{"start":{"line":309,"column":8},"end":{"line":309,"column":21}},"50":{"start":{"line":318,"column":8},"end":{"line":318,"column":56}},"51":{"start":{"line":321,"column":8},"end":{"line":321,"column":57}},"52":{"start":{"line":323,"column":8},"end":{"line":323,"column":59}},"53":{"start":{"line":326,"column":8},"end":{"line":326,"column":47}},"54":{"start":{"line":328,"column":8},"end":{"line":328,"column":10215}},"55":{"start":{"line":329,"column":12},"end":{"line":329,"column":20}},"56":{"start":{"line":347,"column":8},"end":{"line":347,"column":21}},"57":{"start":{"line":352,"column":8},"end":{"line":352,"column":46}},"58":{"start":{"line":353,"column":8},"end":{"line":353,"column":57}},"59":{"start":{"line":354,"column":8},"end":{"line":354,"column":42}},"60":{"start":{"line":357,"column":8},"end":{"line":357,"column":11142}},"61":{"start":{"line":360,"column":8},"end":{"line":360,"column":11242}},"62":{"start":{"line":361,"column":12},"end":{"line":361,"column":20}},"63":{"start":{"line":374,"column":8},"end":{"line":374,"column":21}},"64":{"start":{"line":384,"column":8},"end":{"line":384,"column":11908}},"65":{"start":{"line":385,"column":12},"end":{"line":385,"column":20}},"66":{"start":{"line":387,"column":8},"end":{"line":387,"column":58}},"67":{"start":{"line":389,"column":8},"end":{"line":389,"column":55}},"68":{"start":{"line":397,"column":8},"end":{"line":397,"column":42}},"69":{"start":{"line":410,"column":8},"end":{"line":410,"column":21}},"70":{"start":{"line":415,"column":8},"end":{"line":415,"column":39}},"71":{"start":{"line":416,"column":8},"end":{"line":416,"column":23}},"72":{"start":{"line":419,"column":8},"end":{"line":419,"column":54}},"73":{"start":{"line":421,"column":8},"end":{"line":421,"column":13139}},"74":{"start":{"line":422,"column":12},"end":{"line":422,"column":33}},"75":{"start":{"line":424,"column":12},"end":{"line":424,"column":45}},"76":{"start":{"line":425,"column":12},"end":{"line":425,"column":57}},"77":{"start":{"line":426,"column":12},"end":{"line":426,"column":13333}},"78":{"start":{"line":428,"column":16},"end":{"line":428,"column":26}},"79":{"start":{"line":429,"column":19},"end":{"line":429,"column":13434}},"80":{"start":{"line":430,"column":16},"end":{"line":430,"column":24}},"81":{"start":{"line":432,"column":16},"end":{"line":432,"column":28}},"82":{"start":{"line":435,"column":8},"end":{"line":435,"column":18}},"83":{"start":{"line":449,"column":8},"end":{"line":449,"column":56}},"84":{"start":{"line":450,"column":8},"end":{"line":450,"column":54}},"85":{"start":{"line":451,"column":8},"end":{"line":451,"column":61}},"86":{"start":{"line":452,"column":8},"end":{"line":452,"column":19}},"87":{"start":{"line":453,"column":8},"end":{"line":453,"column":14080}},"88":{"start":{"line":454,"column":12},"end":{"line":454,"column":14155}},"89":{"start":{"line":455,"column":16},"end":{"line":455,"column":14220}},"90":{"start":{"line":456,"column":20},"end":{"line":456,"column":67}},"91":{"start":{"line":458,"column":16},"end":{"line":458,"column":39}},"92":{"start":{"line":460,"column":16},"end":{"line":460,"column":40}},"93":{"start":{"line":462,"column":16},"end":{"line":462,"column":44}},"94":{"start":{"line":465,"column":8},"end":{"line":465,"column":71}},"95":{"start":{"line":470,"column":8},"end":{"line":470,"column":28}},"96":{"start":{"line":476,"column":8},"end":{"line":476,"column":25}},"97":{"start":{"line":481,"column":8},"end":{"line":481,"column":46}},"98":{"start":{"line":485,"column":8},"end":{"line":485,"column":15089}},"99":{"start":{"line":487,"column":12},"end":{"line":487,"column":15197}},"100":{"start":{"line":488,"column":16},"end":{"line":488,"column":15296}},"101":{"start":{"line":490,"column":16},"end":{"line":490,"column":72}},"102":{"start":{"line":502,"column":8},"end":{"line":502,"column":72}},"103":{"start":{"line":505,"column":8},"end":{"line":505,"column":31}},"104":{"start":{"line":510,"column":8},"end":{"line":510,"column":51}},"105":{"start":{"line":511,"column":8},"end":{"line":511,"column":54}},"106":{"start":{"line":513,"column":8},"end":{"line":513,"column":57}},"107":{"start":{"line":516,"column":8},"end":{"line":516,"column":25}},"108":{"start":{"line":519,"column":8},"end":{"line":519,"column":42}},"109":{"start":{"line":521,"column":8},"end":{"line":521,"column":35}},"110":{"start":{"line":524,"column":8},"end":{"line":524,"column":55}},"111":{"start":{"line":525,"column":8},"end":{"line":525,"column":65}},"112":{"start":{"line":527,"column":8},"end":{"line":527,"column":48}},"113":{"start":{"line":529,"column":8},"end":{"line":529,"column":16714}},"114":{"start":{"line":530,"column":12},"end":{"line":530,"column":16802}},"115":{"start":{"line":534,"column":12},"end":{"line":534,"column":73}},"116":{"start":{"line":535,"column":12},"end":{"line":535,"column":37}},"117":{"start":{"line":539,"column":8},"end":{"line":539,"column":62}},"118":{"start":{"line":540,"column":8},"end":{"line":540,"column":37}},"119":{"start":{"line":542,"column":8},"end":{"line":542,"column":38}},"120":{"start":{"line":553,"column":8},"end":{"line":553,"column":59}},"121":{"start":{"line":554,"column":8},"end":{"line":554,"column":57}},"122":{"start":{"line":555,"column":8},"end":{"line":555,"column":30}},"123":{"start":{"line":556,"column":8},"end":{"line":556,"column":41}},"124":{"start":{"line":557,"column":8},"end":{"line":557,"column":26}},"125":{"start":{"line":559,"column":8},"end":{"line":559,"column":54}},"126":{"start":{"line":561,"column":8},"end":{"line":561,"column":17941}},"127":{"start":{"line":565,"column":12},"end":{"line":565,"column":52}},"128":{"start":{"line":568,"column":12},"end":{"line":568,"column":51}},"129":{"start":{"line":574,"column":12},"end":{"line":574,"column":18571}},"130":{"start":{"line":575,"column":16},"end":{"line":575,"column":18648}},"131":{"start":{"line":578,"column":16},"end":{"line":578,"column":18794}},"132":{"start":{"line":581,"column":16},"end":{"line":581,"column":18874}},"133":{"start":{"line":586,"column":16},"end":{"line":586,"column":19052}},"134":{"start":{"line":592,"column":12},"end":{"line":592,"column":65}},"135":{"start":{"line":593,"column":12},"end":{"line":593,"column":19351}},"136":{"start":{"line":595,"column":16},"end":{"line":595,"column":78}},"137":{"start":{"line":598,"column":16},"end":{"line":598,"column":48}},"138":{"start":{"line":602,"column":16},"end":{"line":602,"column":19760}},"139":{"start":{"line":603,"column":20},"end":{"line":603,"column":19841}},"140":{"start":{"line":606,"column":20},"end":{"line":606,"column":19982}},"141":{"start":{"line":609,"column":20},"end":{"line":609,"column":20070}},"142":{"start":{"line":613,"column":20},"end":{"line":613,"column":73}},"143":{"start":{"line":619,"column":12},"end":{"line":619,"column":56}},"144":{"start":{"line":621,"column":8},"end":{"line":621,"column":62}},"145":{"start":{"line":624,"column":8},"end":{"line":624,"column":75}},"146":{"start":{"line":625,"column":8},"end":{"line":625,"column":42}},"147":{"start":{"line":627,"column":8},"end":{"line":627,"column":57}},"148":{"start":{"line":630,"column":8},"end":{"line":630,"column":20849}},"149":{"start":{"line":632,"column":12},"end":{"line":632,"column":35}},"150":{"start":{"line":634,"column":12},"end":{"line":634,"column":60}},"151":{"start":{"line":636,"column":12},"end":{"line":636,"column":61}},"152":{"start":{"line":640,"column":8},"end":{"line":640,"column":21141}},"153":{"start":{"line":641,"column":12},"end":{"line":641,"column":45}},"154":{"start":{"line":644,"column":12},"end":{"line":644,"column":65}},"155":{"start":{"line":653,"column":8},"end":{"line":653,"column":76}},"156":{"start":{"line":658,"column":8},"end":{"line":658,"column":21801}},"157":{"start":{"line":673,"column":8},"end":{"line":673,"column":22132}},"158":{"start":{"line":674,"column":12},"end":{"line":674,"column":51}},"159":{"start":{"line":675,"column":12},"end":{"line":675,"column":61}},"160":{"start":{"line":676,"column":12},"end":{"line":676,"column":22312}},"161":{"start":{"line":677,"column":16},"end":{"line":677,"column":51}},"162":{"start":{"line":678,"column":16},"end":{"line":678,"column":67}},"163":{"start":{"line":680,"column":16},"end":{"line":680,"column":64}},"164":{"start":{"line":688,"column":8},"end":{"line":688,"column":66}},"165":{"start":{"line":691,"column":8},"end":{"line":691,"column":22852}},"166":{"start":{"line":692,"column":12},"end":{"line":692,"column":63}},"167":{"start":{"line":695,"column":12},"end":{"line":695,"column":78}},"168":{"start":{"line":697,"column":12},"end":{"line":697,"column":69}},"169":{"start":{"line":698,"column":12},"end":{"line":698,"column":76}},"170":{"start":{"line":701,"column":8},"end":{"line":701,"column":55}},"171":{"start":{"line":702,"column":8},"end":{"line":702,"column":69}},"172":{"start":{"line":709,"column":8},"end":{"line":709,"column":61}},"173":{"start":{"line":710,"column":8},"end":{"line":710,"column":40}},"174":{"start":{"line":712,"column":8},"end":{"line":712,"column":44}},"175":{"start":{"line":716,"column":8},"end":{"line":716,"column":23888}},"176":{"start":{"line":722,"column":8},"end":{"line":722,"column":48}},"177":{"start":{"line":729,"column":8},"end":{"line":729,"column":24188}},"178":{"start":{"line":733,"column":8},"end":{"line":733,"column":24312}},"179":{"start":{"line":737,"column":8},"end":{"line":737,"column":64}},"180":{"start":{"line":738,"column":8},"end":{"line":738,"column":51}},"181":{"start":{"line":746,"column":12},"end":{"line":746,"column":61}},"182":{"start":{"line":747,"column":12},"end":{"line":747,"column":24768}},"183":{"start":{"line":748,"column":16},"end":{"line":748,"column":47}},"184":{"start":{"line":749,"column":16},"end":{"line":749,"column":78}},"185":{"start":{"line":750,"column":16},"end":{"line":750,"column":24970}},"186":{"start":{"line":753,"column":16},"end":{"line":753,"column":25118}},"187":{"start":{"line":754,"column":20},"end":{"line":754,"column":25172}},"188":{"start":{"line":759,"column":20},"end":{"line":759,"column":25389}}},"branchMap":{"1":{"line":149,"type":"if","locations":[{"start":{"line":149,"column":8},"end":{"line":149,"column":8}},{"start":{"line":149,"column":8},"end":{"line":149,"column":8}}]},"2":{"line":153,"type":"if","locations":[{"start":{"line":153,"column":8},"end":{"line":153,"column":8}},{"start":{"line":153,"column":8},"end":{"line":153,"column":8}}]},"3":{"line":169,"type":"if","locations":[{"start":{"line":169,"column":8},"end":{"line":169,"column":8}},{"start":{"line":169,"column":8},"end":{"line":169,"column":8}}]},"4":{"line":181,"type":"if","locations":[{"start":{"line":181,"column":8},"end":{"line":181,"column":8}},{"start":{"line":181,"column":8},"end":{"line":181,"column":8}}]},"5":{"line":182,"type":"if","locations":[{"start":{"line":182,"column":8},"end":{"line":182,"column":8}},{"start":{"line":182,"column":8},"end":{"line":182,"column":8}}]},"6":{"line":199,"type":"if","locations":[{"start":{"line":199,"column":8},"end":{"line":199,"column":8}},{"start":{"line":199,"column":8},"end":{"line":199,"column":8}}]},"7":{"line":293,"type":"if","locations":[{"start":{"line":293,"column":12},"end":{"line":293,"column":12}},{"start":{"line":293,"column":12},"end":{"line":293,"column":12}}]},"8":{"line":302,"type":"if","locations":[{"start":{"line":302,"column":8},"end":{"line":302,"column":8}},{"start":{"line":302,"column":8},"end":{"line":302,"column":8}}]},"9":{"line":328,"type":"if","locations":[{"start":{"line":328,"column":8},"end":{"line":328,"column":8}},{"start":{"line":328,"column":8},"end":{"line":328,"column":8}}]},"10":{"line":357,"type":"if","locations":[{"start":{"line":357,"column":8},"end":{"line":357,"column":8}},{"start":{"line":357,"column":8},"end":{"line":357,"column":8}}]},"11":{"line":360,"type":"if","locations":[{"start":{"line":360,"column":8},"end":{"line":360,"column":8}},{"start":{"line":360,"column":8},"end":{"line":360,"column":8}}]},"12":{"line":384,"type":"if","locations":[{"start":{"line":384,"column":8},"end":{"line":384,"column":8}},{"start":{"line":384,"column":8},"end":{"line":384,"column":8}}]},"13":{"line":422,"type":"if","locations":[{"start":{"line":422,"column":12},"end":{"line":422,"column":12}},{"start":{"line":422,"column":12},"end":{"line":422,"column":12}}]},"14":{"line":426,"type":"if","locations":[{"start":{"line":426,"column":12},"end":{"line":426,"column":12}},{"start":{"line":426,"column":12},"end":{"line":426,"column":12}}]},"15":{"line":429,"type":"if","locations":[{"start":{"line":429,"column":19},"end":{"line":429,"column":19}},{"start":{"line":429,"column":19},"end":{"line":429,"column":19}}]},"16":{"line":454,"type":"if","locations":[{"start":{"line":454,"column":12},"end":{"line":454,"column":12}},{"start":{"line":454,"column":12},"end":{"line":454,"column":12}}]},"17":{"line":455,"type":"if","locations":[{"start":{"line":455,"column":16},"end":{"line":455,"column":16}},{"start":{"line":455,"column":16},"end":{"line":455,"column":16}}]},"18":{"line":485,"type":"if","locations":[{"start":{"line":485,"column":8},"end":{"line":485,"column":8}},{"start":{"line":485,"column":8},"end":{"line":485,"column":8}}]},"19":{"line":510,"type":"if","locations":[{"start":{"line":510,"column":8},"end":{"line":510,"column":8}},{"start":{"line":510,"column":8},"end":{"line":510,"column":8}}]},"20":{"line":511,"type":"if","locations":[{"start":{"line":511,"column":8},"end":{"line":511,"column":8}},{"start":{"line":511,"column":8},"end":{"line":511,"column":8}}]},"21":{"line":529,"type":"if","locations":[{"start":{"line":529,"column":8},"end":{"line":529,"column":8}},{"start":{"line":529,"column":8},"end":{"line":529,"column":8}}]},"22":{"line":559,"type":"if","locations":[{"start":{"line":559,"column":8},"end":{"line":559,"column":8}},{"start":{"line":559,"column":8},"end":{"line":559,"column":8}}]},"23":{"line":561,"type":"if","locations":[{"start":{"line":561,"column":8},"end":{"line":561,"column":8}},{"start":{"line":561,"column":8},"end":{"line":561,"column":8}}]},"24":{"line":574,"type":"if","locations":[{"start":{"line":574,"column":12},"end":{"line":574,"column":12}},{"start":{"line":574,"column":12},"end":{"line":574,"column":12}}]},"25":{"line":595,"type":"if","locations":[{"start":{"line":595,"column":16},"end":{"line":595,"column":16}},{"start":{"line":595,"column":16},"end":{"line":595,"column":16}}]},"26":{"line":602,"type":"if","locations":[{"start":{"line":602,"column":16},"end":{"line":602,"column":16}},{"start":{"line":602,"column":16},"end":{"line":602,"column":16}}]},"27":{"line":621,"type":"if","locations":[{"start":{"line":621,"column":8},"end":{"line":621,"column":8}},{"start":{"line":621,"column":8},"end":{"line":621,"column":8}}]},"28":{"line":630,"type":"if","locations":[{"start":{"line":630,"column":8},"end":{"line":630,"column":8}},{"start":{"line":630,"column":8},"end":{"line":630,"column":8}}]},"29":{"line":640,"type":"if","locations":[{"start":{"line":640,"column":8},"end":{"line":640,"column":8}},{"start":{"line":640,"column":8},"end":{"line":640,"column":8}}]},"30":{"line":676,"type":"if","locations":[{"start":{"line":676,"column":12},"end":{"line":676,"column":12}},{"start":{"line":676,"column":12},"end":{"line":676,"column":12}}]},"31":{"line":691,"type":"if","locations":[{"start":{"line":691,"column":8},"end":{"line":691,"column":8}},{"start":{"line":691,"column":8},"end":{"line":691,"column":8}}]},"32":{"line":709,"type":"if","locations":[{"start":{"line":709,"column":8},"end":{"line":709,"column":8}},{"start":{"line":709,"column":8},"end":{"line":709,"column":8}}]},"33":{"line":710,"type":"if","locations":[{"start":{"line":710,"column":8},"end":{"line":710,"column":8}},{"start":{"line":710,"column":8},"end":{"line":710,"column":8}}]},"34":{"line":729,"type":"if","locations":[{"start":{"line":729,"column":8},"end":{"line":729,"column":8}},{"start":{"line":729,"column":8},"end":{"line":729,"column":8}}]},"35":{"line":733,"type":"if","locations":[{"start":{"line":733,"column":8},"end":{"line":733,"column":8}},{"start":{"line":733,"column":8},"end":{"line":733,"column":8}}]},"36":{"line":753,"type":"if","locations":[{"start":{"line":753,"column":16},"end":{"line":753,"column":16}},{"start":{"line":753,"column":16},"end":{"line":753,"column":16}}]}}},
"contracts/governance/Timelock.sol":{"l":{"57":0,"61":0,"66":0,"67":0,"68":0,"75":0,"79":0,"83":0,"87":0,"89":0,"93":0,"97":0,"98":0,"100":0,"105":0,"106":0,"111":0,"115":0,"117":0,"119":0,"129":0,"133":0,"138":0,"141":0,"143":0,"144":0,"154":0,"159":0,"162":0,"164":0,"174":0,"179":0,"182":0,"186":0,"190":0,"195":0,"197":0,"199":0,"200":0,"202":0,"209":0,"212":0,"217":0,"219":0,"224":0},"path":"/Users/cudba/develop/repos/crypto/sushiswap/contracts/governance/Timelock.sol","s":{"1":0,"2":0,"3":0,"4":0,"5":0,"6":0,"7":0,"8":0,"9":0,"10":0,"11":0,"12":0,"13":0,"14":0,"15":0,"16":0,"17":0,"18":0,"19":0,"20":0,"21":0,"22":0,"23":0,"24":0,"25":0,"26":0,"27":0,"28":0,"29":0,"30":0,"31":0,"32":0,"33":0,"34":0,"35":0,"36":0,"37":0,"38":0,"39":0,"40":0,"41":0,"42":0,"43":0,"44":0,"45":0},"b":{"1":[0,0],"2":[0,0],"3":[0,0],"4":[0,0],"5":[0,0],"6":[0,0],"7":[0,0],"8":[0,0],"9":[0,0],"10":[0,0],"11":[0,0],"12":[0,0],"13":[0,0],"14":[0,0],"15":[0,0],"16":[0,0],"17":[0,0],"18":[0,0]},"f":{"1":0,"2":0,"3":0,"4":0,"5":0,"6":0,"7":0,"8":0},"fnMap":{"1":{"name":"constructor","line":56,"loc":{"start":{"line":56,"column":4},"end":{"line":69,"column":4}}},"2":{"name":"setDelay","line":74,"loc":{"start":{"line":74,"column":4},"end":{"line":90,"column":4}}},"3":{"name":"acceptAdmin","line":92,"loc":{"start":{"line":92,"column":4},"end":{"line":101,"column":4}}},"4":{"name":"setPendingAdmin","line":103,"loc":{"start":{"line":103,"column":4},"end":{"line":120,"column":4}}},"5":{"name":"queueTransaction","line":122,"loc":{"start":{"line":122,"column":4},"end":{"line":145,"column":4}}},"6":{"name":"cancelTransaction","line":147,"loc":{"start":{"line":147,"column":4},"end":{"line":165,"column":4}}},"7":{"name":"executeTransaction","line":167,"loc":{"start":{"line":167,"column":4},"end":{"line":220,"column":4}}},"8":{"name":"getBlockTimestamp","line":222,"loc":{"start":{"line":222,"column":4},"end":{"line":225,"column":4}}}},"statementMap":{"1":{"start":{"line":57,"column":8},"end":{"line":57,"column":2883}},"2":{"start":{"line":61,"column":8},"end":{"line":61,"column":3018}},"3":{"start":{"line":66,"column":8},"end":{"line":66,"column":21}},"4":{"start":{"line":67,"column":8},"end":{"line":67,"column":21}},"5":{"start":{"line":68,"column":8},"end":{"line":68,"column":32}},"6":{"start":{"line":75,"column":8},"end":{"line":75,"column":3374}},"7":{"start":{"line":79,"column":8},"end":{"line":79,"column":3507}},"8":{"start":{"line":83,"column":8},"end":{"line":83,"column":3639}},"9":{"start":{"line":87,"column":8},"end":{"line":87,"column":21}},"10":{"start":{"line":89,"column":8},"end":{"line":89,"column":28}},"11":{"start":{"line":93,"column":8},"end":{"line":93,"column":3873}},"12":{"start":{"line":97,"column":8},"end":{"line":97,"column":25}},"13":{"start":{"line":98,"column":8},"end":{"line":98,"column":32}},"14":{"start":{"line":100,"column":8},"end":{"line":100,"column":28}},"15":{"start":{"line":105,"column":8},"end":{"line":105,"column":4242}},"16":{"start":{"line":106,"column":12},"end":{"line":106,"column":4283}},"17":{"start":{"line":111,"column":12},"end":{"line":111,"column":4456}},"18":{"start":{"line":115,"column":12},"end":{"line":115,"column":35}},"19":{"start":{"line":117,"column":8},"end":{"line":117,"column":35}},"20":{"start":{"line":119,"column":8},"end":{"line":119,"column":42}},"21":{"start":{"line":129,"column":8},"end":{"line":129,"column":4928}},"22":{"start":{"line":133,"column":8},"end":{"line":133,"column":5058}},"23":{"start":{"line":138,"column":8},"end":{"line":138,"column":5224}},"24":{"start":{"line":141,"column":8},"end":{"line":141,"column":40}},"25":{"start":{"line":143,"column":8},"end":{"line":143,"column":74}},"26":{"start":{"line":144,"column":8},"end":{"line":144,"column":21}},"27":{"start":{"line":154,"column":8},"end":{"line":154,"column":5654}},"28":{"start":{"line":159,"column":8},"end":{"line":159,"column":5787}},"29":{"start":{"line":162,"column":8},"end":{"line":162,"column":41}},"30":{"start":{"line":164,"column":8},"end":{"line":164,"column":75}},"31":{"start":{"line":174,"column":8},"end":{"line":174,"column":6228}},"32":{"start":{"line":179,"column":8},"end":{"line":179,"column":6362}},"33":{"start":{"line":182,"column":8},"end":{"line":182,"column":6468}},"34":{"start":{"line":186,"column":8},"end":{"line":186,"column":6612}},"35":{"start":{"line":190,"column":8},"end":{"line":190,"column":6764}},"36":{"start":{"line":195,"column":8},"end":{"line":195,"column":41}},"37":{"start":{"line":197,"column":8},"end":{"line":197,"column":29}},"38":{"start":{"line":199,"column":8},"end":{"line":199,"column":6991}},"39":{"start":{"line":200,"column":12},"end":{"line":200,"column":26}},"40":{"start":{"line":202,"column":12},"end":{"line":202,"column":7089}},"41":{"start":{"line":209,"column":8},"end":{"line":209,"column":7282}},"42":{"start":{"line":212,"column":8},"end":{"line":212,"column":7390}},"43":{"start":{"line":217,"column":8},"end":{"line":217,"column":76}},"44":{"start":{"line":219,"column":8},"end":{"line":219,"column":25}},"45":{"start":{"line":224,"column":8},"end":{"line":224,"column":30}}},"branchMap":{"1":{"line":57,"type":"if","locations":[{"start":{"line":57,"column":8},"end":{"line":57,"column":8}},{"start":{"line":57,"column":8},"end":{"line":57,"column":8}}]},"2":{"line":61,"type":"if","locations":[{"start":{"line":61,"column":8},"end":{"line":61,"column":8}},{"start":{"line":61,"column":8},"end":{"line":61,"column":8}}]},"3":{"line":75,"type":"if","locations":[{"start":{"line":75,"column":8},"end":{"line":75,"column":8}},{"start":{"line":75,"column":8},"end":{"line":75,"column":8}}]},"4":{"line":79,"type":"if","locations":[{"start":{"line":79,"column":8},"end":{"line":79,"column":8}},{"start":{"line":79,"column":8},"end":{"line":79,"column":8}}]},"5":{"line":83,"type":"if","locations":[{"start":{"line":83,"column":8},"end":{"line":83,"column":8}},{"start":{"line":83,"column":8},"end":{"line":83,"column":8}}]},"6":{"line":93,"type":"if","locations":[{"start":{"line":93,"column":8},"end":{"line":93,"column":8}},{"start":{"line":93,"column":8},"end":{"line":93,"column":8}}]},"7":{"line":105,"type":"if","locations":[{"start":{"line":105,"column":8},"end":{"line":105,"column":8}},{"start":{"line":105,"column":8},"end":{"line":105,"column":8}}]},"8":{"line":106,"type":"if","locations":[{"start":{"line":106,"column":12},"end":{"line":106,"column":12}},{"start":{"line":106,"column":12},"end":{"line":106,"column":12}}]},"9":{"line":111,"type":"if","locations":[{"start":{"line":111,"column":12},"end":{"line":111,"column":12}},{"start":{"line":111,"column":12},"end":{"line":111,"column":12}}]},"10":{"line":129,"type":"if","locations":[{"start":{"line":129,"column":8},"end":{"line":129,"column":8}},{"start":{"line":129,"column":8},"end":{"line":129,"column":8}}]},"11":{"line":133,"type":"if","locations":[{"start":{"line":133,"column":8},"end":{"line":133,"column":8}},{"start":{"line":133,"column":8},"end":{"line":133,"column":8}}]},"12":{"line":154,"type":"if","locations":[{"start":{"line":154,"column":8},"end":{"line":154,"column":8}},{"start":{"line":154,"column":8},"end":{"line":154,"column":8}}]},"13":{"line":174,"type":"if","locations":[{"start":{"line":174,"column":8},"end":{"line":174,"column":8}},{"start":{"line":174,"column":8},"end":{"line":174,"column":8}}]},"14":{"line":182,"type":"if","locations":[{"start":{"line":182,"column":8},"end":{"line":182,"column":8}},{"start":{"line":182,"column":8},"end":{"line":182,"column":8}}]},"15":{"line":186,"type":"if","locations":[{"start":{"line":186,"column":8},"end":{"line":186,"column":8}},{"start":{"line":186,"column":8},"end":{"line":186,"column":8}}]},"16":{"line":190,"type":"if","locations":[{"start":{"line":190,"column":8},"end":{"line":190,"column":8}},{"start":{"line":190,"column":8},"end":{"line":190,"column":8}}]},"17":{"line":199,"type":"if","locations":[{"start":{"line":199,"column":8},"end":{"line":199,"column":8}},{"start":{"line":199,"column":8},"end":{"line":199,"column":8}}]},"18":{"line":212,"type":"if","locations":[{"start":{"line":212,"column":8},"end":{"line":212,"column":8}},{"start":{"line":212,"column":8},"end":{"line":212,"column":8}}]}}},
"contracts/rewarder/TimeBasedMasterChefRewarder.sol":{"l":{"63":0,"64":0,"65":0,"75":0,"76":0,"77":0,"78":0,"79":0,"83":0,"84":0,"87":0,"88":0,"92":0,"93":0,"96":0,"109":0,"110":0,"111":0,"112":0,"113":0,"119":0,"120":0,"124":0,"128":0,"133":0,"140":0,"141":0,"142":0,"144":0,"149":0,"150":0,"157":0,"158":0,"163":0,"164":0,"176":0,"177":0,"178":0,"180":0,"181":0,"183":0,"187":0,"188":0,"191":0,"195":0,"199":0,"202":0,"203":0,"211":0,"212":0,"213":0,"221":0,"222":0,"223":0,"227":0,"228":0,"229":0,"232":0,"236":0,"237":0,"238":0,"254":0},"path":"/Users/cudba/develop/repos/crypto/sushiswap/contracts/rewarder/TimeBasedMasterChefRewarder.sol","s":{"1":0,"2":0,"3":0,"4":0,"5":0,"6":0,"7":0,"8":0,"9":0,"10":0,"11":0,"12":0,"13":0,"14":0,"15":0,"16":0,"17":0,"18":0,"19":0,"20":0,"21":0,"22":0,"23":0,"24":0,"25":0,"26":0,"27":0,"28":0,"29":0,"30":0,"31":0,"32":0,"33":0,"34":0,"35":0,"36":0,"37":0,"38":0,"39":0,"40":0,"41":0,"42":0,"43":0,"44":0,"45":0,"46":0,"47":0,"48":0,"49":0,"50":0,"51":0,"52":0,"53":0,"54":0,"55":0,"56":0,"57":0,"58":0,"59":0,"60":0,"61":0},"b":{"1":[0,0],"2":[0,0],"3":[0,0],"4":[0,0],"5":[0,0],"6":[0,0],"7":[0,0],"8":[0,0],"9":[0,0],"10":[0,0],"11":[0,0]},"f":{"1":0,"2":0,"3":0,"4":0,"5":0,"6":0,"7":0,"8":0,"9":0,"10":0,"11":0,"12":0},"fnMap":{"1":{"name":"constructor","line":58,"loc":{"start":{"line":58,"column":4},"end":{"line":66,"column":4}}},"2":{"name":"onBeetsReward","line":74,"loc":{"start":{"line":68,"column":4},"end":{"line":97,"column":4}}},"3":{"name":"pendingTokens","line":99,"loc":{"start":{"line":99,"column":4},"end":{"line":114,"column":4}}},"4":{"name":"setRewardPerSecond","line":118,"loc":{"start":{"line":118,"column":4},"end":{"line":121,"column":4}}},"5":{"name":"onlyMasterChef","line":123,"loc":{"start":{"line":123,"column":4},"end":{"line":129,"column":4}}},"6":{"name":"poolLength","line":132,"loc":{"start":{"line":132,"column":4},"end":{"line":134,"column":4}}},"7":{"name":"add","line":139,"loc":{"start":{"line":139,"column":4},"end":{"line":151,"column":4}}},"8":{"name":"set","line":156,"loc":{"start":{"line":156,"column":4},"end":{"line":165,"column":4}}},"9":{"name":"pendingToken","line":171,"loc":{"start":{"line":171,"column":4},"end":{"line":206,"column":4}}},"10":{"name":"massUpdatePools","line":210,"loc":{"start":{"line":210,"column":4},"end":{"line":215,"column":4}}},"11":{"name":"updatePool","line":220,"loc":{"start":{"line":220,"column":4},"end":{"line":245,"column":4}}},"12":{"name":"emergencyWithdraw","line":252,"loc":{"start":{"line":250,"column":4},"end":{"line":258,"column":4}}}},"statementMap":{"1":{"start":{"line":63,"column":8},"end":{"line":63,"column":33}},"2":{"start":{"line":64,"column":8},"end":{"line":64,"column":41}},"3":{"start":{"line":65,"column":8},"end":{"line":65,"column":31}},"4":{"start":{"line":75,"column":8},"end":{"line":75,"column":46}},"5":{"start":{"line":76,"column":8},"end":{"line":76,"column":66}},"6":{"start":{"line":77,"column":8},"end":{"line":77,"column":23}},"7":{"start":{"line":78,"column":8},"end":{"line":78,"column":2210}},"8":{"start":{"line":79,"column":12},"end":{"line":79,"column":2283}},"9":{"start":{"line":83,"column":12},"end":{"line":83,"column":2434}},"10":{"start":{"line":84,"column":16},"end":{"line":84,"column":61}},"11":{"start":{"line":87,"column":8},"end":{"line":87,"column":40}},"12":{"start":{"line":88,"column":8},"end":{"line":88,"column":2645}},"13":{"start":{"line":92,"column":8},"end":{"line":92,"column":2749}},"14":{"start":{"line":93,"column":12},"end":{"line":93,"column":55}},"15":{"start":{"line":96,"column":8},"end":{"line":96,"column":62}},"16":{"start":{"line":109,"column":8},"end":{"line":109,"column":55}},"17":{"start":{"line":110,"column":8},"end":{"line":110,"column":39}},"18":{"start":{"line":111,"column":8},"end":{"line":111,"column":58}},"19":{"start":{"line":112,"column":8},"end":{"line":112,"column":50}},"20":{"start":{"line":113,"column":8},"end":{"line":113,"column":46}},"21":{"start":{"line":119,"column":8},"end":{"line":119,"column":41}},"22":{"start":{"line":120,"column":8},"end":{"line":120,"column":49}},"23":{"start":{"line":124,"column":8},"end":{"line":124,"column":3805}},"24":{"start":{"line":133,"column":8},"end":{"line":133,"column":39}},"25":{"start":{"line":140,"column":8},"end":{"line":140,"column":72}},"26":{"start":{"line":141,"column":8},"end":{"line":141,"column":48}},"27":{"start":{"line":142,"column":8},"end":{"line":142,"column":53}},"28":{"start":{"line":144,"column":8},"end":{"line":144,"column":4520}},"29":{"start":{"line":149,"column":8},"end":{"line":149,"column":34}},"30":{"start":{"line":150,"column":8},"end":{"line":150,"column":45}},"31":{"start":{"line":157,"column":8},"end":{"line":157,"column":72}},"32":{"start":{"line":158,"column":8},"end":{"line":158,"column":5176}},"33":{"start":{"line":163,"column":8},"end":{"line":163,"column":44}},"34":{"start":{"line":164,"column":8},"end":{"line":164,"column":40}},"35":{"start":{"line":176,"column":8},"end":{"line":176,"column":45}},"36":{"start":{"line":177,"column":8},"end":{"line":177,"column":5758}},"37":{"start":{"line":178,"column":12},"end":{"line":178,"column":22}},"38":{"start":{"line":180,"column":12},"end":{"line":180,"column":57}},"39":{"start":{"line":181,"column":12},"end":{"line":181,"column":72}},"40":{"start":{"line":183,"column":12},"end":{"line":183,"column":6008}},"41":{"start":{"line":187,"column":12},"end":{"line":187,"column":6124}},"42":{"start":{"line":188,"column":16},"end":{"line":188,"column":6234}},"43":{"start":{"line":191,"column":16},"end":{"line":191,"column":6355}},"44":{"start":{"line":195,"column":16},"end":{"line":195,"column":6521}},"45":{"start":{"line":199,"column":12},"end":{"line":199,"column":6650}},"46":{"start":{"line":202,"column":12},"end":{"line":202,"column":6768}},"47":{"start":{"line":203,"column":16},"end":{"line":203,"column":61}},"48":{"start":{"line":211,"column":8},"end":{"line":211,"column":33}},"49":{"start":{"line":212,"column":8},"end":{"line":212,"column":7193}},"50":{"start":{"line":213,"column":12},"end":{"line":213,"column":30}},"51":{"start":{"line":221,"column":8},"end":{"line":221,"column":27}},"52":{"start":{"line":222,"column":8},"end":{"line":222,"column":7567}},"53":{"start":{"line":223,"column":12},"end":{"line":223,"column":7682}},"54":{"start":{"line":227,"column":12},"end":{"line":227,"column":7797}},"55":{"start":{"line":228,"column":16},"end":{"line":228,"column":68}},"56":{"start":{"line":229,"column":16},"end":{"line":229,"column":7950}},"57":{"start":{"line":232,"column":16},"end":{"line":232,"column":8108}},"58":{"start":{"line":236,"column":12},"end":{"line":236,"column":48}},"59":{"start":{"line":237,"column":12},"end":{"line":237,"column":31}},"60":{"start":{"line":238,"column":12},"end":{"line":238,"column":8315}},"61":{"start":{"line":254,"column":8},"end":{"line":254,"column":8745}}},"branchMap":{"1":{"line":78,"type":"if","locations":[{"start":{"line":78,"column":8},"end":{"line":78,"column":8}},{"start":{"line":78,"column":8},"end":{"line":78,"column":8}}]},"2":{"line":83,"type":"if","locations":[{"start":{"line":83,"column":12},"end":{"line":83,"column":12}},{"start":{"line":83,"column":12},"end":{"line":83,"column":12}}]},"3":{"line":92,"type":"if","locations":[{"start":{"line":92,"column":8},"end":{"line":92,"column":8}},{"start":{"line":92,"column":8},"end":{"line":92,"column":8}}]},"4":{"line":124,"type":"if","locations":[{"start":{"line":124,"column":8},"end":{"line":124,"column":8}},{"start":{"line":124,"column":8},"end":{"line":124,"column":8}}]},"5":{"line":140,"type":"if","locations":[{"start":{"line":140,"column":8},"end":{"line":140,"column":8}},{"start":{"line":140,"column":8},"end":{"line":140,"column":8}}]},"6":{"line":157,"type":"if","locations":[{"start":{"line":157,"column":8},"end":{"line":157,"column":8}},{"start":{"line":157,"column":8},"end":{"line":157,"column":8}}]},"7":{"line":177,"type":"if","locations":[{"start":{"line":177,"column":8},"end":{"line":177,"column":8}},{"start":{"line":177,"column":8},"end":{"line":177,"column":8}}]},"8":{"line":187,"type":"if","locations":[{"start":{"line":187,"column":12},"end":{"line":187,"column":12}},{"start":{"line":187,"column":12},"end":{"line":187,"column":12}}]},"9":{"line":202,"type":"if","locations":[{"start":{"line":202,"column":12},"end":{"line":202,"column":12}},{"start":{"line":202,"column":12},"end":{"line":202,"column":12}}]},"10":{"line":222,"type":"if","locations":[{"start":{"line":222,"column":8},"end":{"line":222,"column":8}},{"start":{"line":222,"column":8},"end":{"line":222,"column":8}}]},"11":{"line":227,"type":"if","locations":[{"start":{"line":227,"column":12},"end":{"line":227,"column":12}},{"start":{"line":227,"column":12},"end":{"line":227,"column":12}}]}}},
"contracts/token/BeethovenxMasterChef.sol":{"l":{"134":0,"138":0,"139":0,"140":0,"141":0,"145":0,"154":0,"158":0,"164":0,"170":0,"173":0,"176":0,"177":0,"178":0,"180":0,"187":0,"206":0,"213":0,"218":0,"220":0,"221":0,"223":0,"237":0,"238":0,"240":0,"242":0,"244":0,"245":0,"247":0,"253":0,"257":0,"263":0,"272":0,"273":0,"274":0,"280":0,"282":0,"284":0,"285":0,"286":0,"290":0,"294":0,"297":0,"302":0,"304":0,"308":0,"309":0,"311":0,"326":0,"327":0,"329":0,"333":0,"338":0,"339":0,"340":0,"343":0,"345":0,"349":0,"350":0,"351":0,"360":0,"361":0,"364":0,"367":0,"370":0,"372":0,"373":0,"376":0,"377":0,"378":0,"387":0,"399":0,"400":0,"402":0,"405":0,"408":0,"417":0,"421":0,"423":0,"425":0,"426":0,"427":0,"436":0,"438":0,"439":0,"444":0,"445":0,"446":0,"447":0,"449":0,"450":0,"451":0,"455":0,"456":0,"461":0,"462":0,"463":0,"465":0,"471":0,"472":0,"476":0,"480":0,"481":0},"path":"/Users/cudba/develop/repos/crypto/sushiswap/contracts/token/BeethovenxMasterChef.sol","s":{"1":0,"2":0,"3":0,"4":0,"5":0,"6":0,"7":0,"8":0,"9":0,"10":0,"11":0,"12":0,"13":0,"14":0,"15":0,"16":0,"17":0,"18":0,"19":0,"20":0,"21":0,"22":0,"23":0,"24":0,"25":0,"26":0,"27":0,"28":0,"29":0,"30":0,"31":0,"32":0,"33":0,"34":0,"35":0,"36":0,"37":0,"38":0,"39":0,"40":0,"41":0,"42":0,"43":0,"44":0,"45":0,"46":0,"47":0,"48":0,"49":0,"50":0,"51":0,"52":0,"53":0,"54":0,"55":0,"56":0,"57":0,"58":0,"59":0,"60":0,"61":0,"62":0,"63":0,"64":0,"65":0,"66":0,"67":0,"68":0,"69":0,"70":0,"71":0,"72":0,"73":0,"74":0,"75":0,"76":0,"77":0,"78":0,"79":0,"80":0,"81":0,"82":0,"83":0,"84":0,"85":0,"86":0,"87":0,"88":0,"89":0,"90":0,"91":0,"92":0,"93":0,"94":0,"95":0,"96":0,"97":0,"98":0,"99":0,"100":0,"101":0,"102":0,"103":0},"b":{"1":[0,0],"2":[0,0],"3":[0,0],"4":[0,0],"5":[0,0],"6":[0,0],"7":[0,0],"8":[0,0],"9":[0,0],"10":[0,0],"11":[0,0],"12":[0,0],"13":[0,0],"14":[0,0],"15":[0,0],"16":[0,0],"17":[0,0],"18":[0,0]},"f":{"1":0,"2":0,"3":0,"4":0,"5":0,"6":0,"7":0,"8":0,"9":0,"10":0,"11":0,"12":0,"13":0,"14":0,"15":0},"fnMap":{"1":{"name":"constructor","line":128,"loc":{"start":{"line":128,"column":4},"end":{"line":142,"column":4}}},"2":{"name":"poolLength","line":144,"loc":{"start":{"line":144,"column":4},"end":{"line":146,"column":4}}},"3":{"name":"add","line":153,"loc":{"start":{"line":149,"column":4},"end":{"line":193,"column":4}}},"4":{"name":"set","line":205,"loc":{"start":{"line":200,"column":4},"end":{"line":229,"column":4}}},"5":{"name":"pendingBeets","line":232,"loc":{"start":{"line":232,"column":4},"end":{"line":267,"column":4}}},"6":{"name":"massUpdatePools","line":271,"loc":{"start":{"line":271,"column":4},"end":{"line":276,"column":4}}},"7":{"name":"updatePool","line":279,"loc":{"start":{"line":279,"column":4},"end":{"line":318,"column":4}}},"8":{"name":"deposit","line":321,"loc":{"start":{"line":321,"column":4},"end":{"line":346,"column":4}}},"9":{"name":"harvestAll","line":348,"loc":{"start":{"line":348,"column":4},"end":{"line":354,"column":4}}},"10":{"name":"harvest","line":359,"loc":{"start":{"line":359,"column":4},"end":{"line":388,"column":4}}},"11":{"name":"withdrawAndHarvest","line":394,"loc":{"start":{"line":394,"column":4},"end":{"line":440,"column":4}}},"12":{"name":"emergencyWithdraw","line":443,"loc":{"start":{"line":443,"column":4},"end":{"line":457,"column":4}}},"13":{"name":"safeBeetsTransfer","line":460,"loc":{"start":{"line":460,"column":4},"end":{"line":467,"column":4}}},"14":{"name":"treasury","line":470,"loc":{"start":{"line":470,"column":4},"end":{"line":473,"column":4}}},"15":{"name":"updateEmissionRate","line":475,"loc":{"start":{"line":475,"column":4},"end":{"line":482,"column":4}}}},"statementMap":{"1":{"start":{"line":134,"column":8},"end":{"line":134,"column":5039}},"2":{"start":{"line":138,"column":8},"end":{"line":138,"column":21}},"3":{"start":{"line":139,"column":8},"end":{"line":139,"column":41}},"4":{"start":{"line":140,"column":8},"end":{"line":140,"column":37}},"5":{"start":{"line":141,"column":8},"end":{"line":141,"column":31}},"6":{"start":{"line":145,"column":8},"end":{"line":145,"column":30}},"7":{"start":{"line":154,"column":8},"end":{"line":154,"column":5608}},"8":{"start":{"line":158,"column":8},"end":{"line":158,"column":5740}},"9":{"start":{"line":164,"column":8},"end":{"line":164,"column":6009}},"10":{"start":{"line":170,"column":8},"end":{"line":170,"column":6180}},"11":{"start":{"line":173,"column":8},"end":{"line":173,"column":54}},"12":{"start":{"line":176,"column":8},"end":{"line":176,"column":30}},"13":{"start":{"line":177,"column":8},"end":{"line":177,"column":46}},"14":{"start":{"line":178,"column":8},"end":{"line":178,"column":31}},"15":{"start":{"line":180,"column":8},"end":{"line":180,"column":6551}},"16":{"start":{"line":187,"column":8},"end":{"line":187,"column":6751}},"17":{"start":{"line":206,"column":8},"end":{"line":206,"column":7393}},"18":{"start":{"line":213,"column":8},"end":{"line":213,"column":7645}},"19":{"start":{"line":218,"column":8},"end":{"line":218,"column":46}},"20":{"start":{"line":220,"column":8},"end":{"line":220,"column":7803}},"21":{"start":{"line":221,"column":12},"end":{"line":221,"column":37}},"22":{"start":{"line":223,"column":8},"end":{"line":223,"column":7879}},"23":{"start":{"line":237,"column":8},"end":{"line":237,"column":46}},"24":{"start":{"line":238,"column":8},"end":{"line":238,"column":53}},"25":{"start":{"line":240,"column":8},"end":{"line":240,"column":56}},"26":{"start":{"line":242,"column":8},"end":{"line":242,"column":66}},"27":{"start":{"line":244,"column":8},"end":{"line":244,"column":8534}},"28":{"start":{"line":245,"column":12},"end":{"line":245,"column":79}},"29":{"start":{"line":247,"column":12},"end":{"line":247,"column":8844}},"30":{"start":{"line":253,"column":12},"end":{"line":253,"column":9108}},"31":{"start":{"line":257,"column":12},"end":{"line":257,"column":9336}},"32":{"start":{"line":263,"column":8},"end":{"line":263,"column":9643}},"33":{"start":{"line":272,"column":8},"end":{"line":272,"column":33}},"34":{"start":{"line":273,"column":8},"end":{"line":273,"column":10032}},"35":{"start":{"line":274,"column":12},"end":{"line":274,"column":30}},"36":{"start":{"line":280,"column":8},"end":{"line":280,"column":28}},"37":{"start":{"line":282,"column":8},"end":{"line":282,"column":10303}},"38":{"start":{"line":284,"column":12},"end":{"line":284,"column":70}},"39":{"start":{"line":285,"column":12},"end":{"line":285,"column":10486}},"40":{"start":{"line":286,"column":16},"end":{"line":286,"column":10550}},"41":{"start":{"line":290,"column":16},"end":{"line":290,"column":10742}},"42":{"start":{"line":294,"column":16},"end":{"line":294,"column":10869}},"43":{"start":{"line":297,"column":16},"end":{"line":297,"column":10969}},"44":{"start":{"line":302,"column":16},"end":{"line":302,"column":61}},"45":{"start":{"line":304,"column":16},"end":{"line":304,"column":11242}},"46":{"start":{"line":308,"column":12},"end":{"line":308,"column":46}},"47":{"start":{"line":309,"column":12},"end":{"line":309,"column":32}},"48":{"start":{"line":311,"column":12},"end":{"line":311,"column":11437}},"49":{"start":{"line":326,"column":8},"end":{"line":326,"column":47}},"50":{"start":{"line":327,"column":8},"end":{"line":327,"column":51}},"51":{"start":{"line":329,"column":8},"end":{"line":329,"column":42}},"52":{"start":{"line":333,"column":8},"end":{"line":333,"column":12234}},"53":{"start":{"line":338,"column":8},"end":{"line":338,"column":44}},"54":{"start":{"line":339,"column":8},"end":{"line":339,"column":12396}},"55":{"start":{"line":340,"column":12},"end":{"line":340,"column":66}},"56":{"start":{"line":343,"column":8},"end":{"line":343,"column":74}},"57":{"start":{"line":345,"column":8},"end":{"line":345,"column":52}},"58":{"start":{"line":349,"column":8},"end":{"line":349,"column":12737}},"59":{"start":{"line":350,"column":12},"end":{"line":350,"column":12798}},"60":{"start":{"line":351,"column":16},"end":{"line":351,"column":37}},"61":{"start":{"line":360,"column":8},"end":{"line":360,"column":47}},"62":{"start":{"line":361,"column":8},"end":{"line":361,"column":58}},"63":{"start":{"line":364,"column":8},"end":{"line":364,"column":13372}},"64":{"start":{"line":367,"column":8},"end":{"line":367,"column":66}},"65":{"start":{"line":370,"column":8},"end":{"line":370,"column":41}},"66":{"start":{"line":372,"column":8},"end":{"line":372,"column":13744}},"67":{"start":{"line":373,"column":12},"end":{"line":373,"column":48}},"68":{"start":{"line":376,"column":8},"end":{"line":376,"column":44}},"69":{"start":{"line":377,"column":8},"end":{"line":377,"column":13885}},"70":{"start":{"line":378,"column":12},"end":{"line":378,"column":13941}},"71":{"start":{"line":387,"column":8},"end":{"line":387,"column":53}},"72":{"start":{"line":399,"column":8},"end":{"line":399,"column":47}},"73":{"start":{"line":400,"column":8},"end":{"line":400,"column":58}},"74":{"start":{"line":402,"column":8},"end":{"line":402,"column":77}},"75":{"start":{"line":405,"column":8},"end":{"line":405,"column":14879}},"76":{"start":{"line":408,"column":8},"end":{"line":408,"column":66}},"77":{"start":{"line":417,"column":8},"end":{"line":417,"column":15461}},"78":{"start":{"line":421,"column":8},"end":{"line":421,"column":42}},"79":{"start":{"line":423,"column":8},"end":{"line":423,"column":44}},"80":{"start":{"line":425,"column":8},"end":{"line":425,"column":44}},"81":{"start":{"line":426,"column":8},"end":{"line":426,"column":15717}},"82":{"start":{"line":427,"column":12},"end":{"line":427,"column":15773}},"83":{"start":{"line":436,"column":8},"end":{"line":436,"column":48}},"84":{"start":{"line":438,"column":8},"end":{"line":438,"column":53}},"85":{"start":{"line":439,"column":8},"end":{"line":439,"column":53}},"86":{"start":{"line":444,"column":8},"end":{"line":444,"column":58}},"87":{"start":{"line":445,"column":8},"end":{"line":445,"column":36}},"88":{"start":{"line":446,"column":8},"end":{"line":446,"column":22}},"89":{"start":{"line":447,"column":8},"end":{"line":447,"column":26}},"90":{"start":{"line":449,"column":8},"end":{"line":449,"column":44}},"91":{"start":{"line":450,"column":8},"end":{"line":450,"column":16455}},"92":{"start":{"line":451,"column":12},"end":{"line":451,"column":63}},"93":{"start":{"line":455,"column":8},"end":{"line":455,"column":47}},"94":{"start":{"line":456,"column":8},"end":{"line":456,"column":61}},"95":{"start":{"line":461,"column":8},"end":{"line":461,"column":61}},"96":{"start":{"line":462,"column":8},"end":{"line":462,"column":17008}},"97":{"start":{"line":463,"column":12},"end":{"line":463,"column":44}},"98":{"start":{"line":465,"column":12},"end":{"line":465,"column":39}},"99":{"start":{"line":471,"column":8},"end":{"line":471,"column":41}},"100":{"start":{"line":472,"column":8},"end":{"line":472,"column":66}},"101":{"start":{"line":476,"column":8},"end":{"line":476,"column":17475}},"102":{"start":{"line":480,"column":8},"end":{"line":480,"column":37}},"103":{"start":{"line":481,"column":8},"end":{"line":481,"column":59}}},"branchMap":{"1":{"line":134,"type":"if","locations":[{"start":{"line":134,"column":8},"end":{"line":134,"column":8}},{"start":{"line":134,"column":8},"end":{"line":134,"column":8}}]},"2":{"line":154,"type":"if","locations":[{"start":{"line":154,"column":8},"end":{"line":154,"column":8}},{"start":{"line":154,"column":8},"end":{"line":154,"column":8}}]},"3":{"line":158,"type":"if","locations":[{"start":{"line":158,"column":8},"end":{"line":158,"column":8}},{"start":{"line":158,"column":8},"end":{"line":158,"column":8}}]},"4":{"line":164,"type":"if","locations":[{"start":{"line":164,"column":8},"end":{"line":164,"column":8}},{"start":{"line":164,"column":8},"end":{"line":164,"column":8}}]},"5":{"line":206,"type":"if","locations":[{"start":{"line":206,"column":8},"end":{"line":206,"column":8}},{"start":{"line":206,"column":8},"end":{"line":206,"column":8}}]},"6":{"line":220,"type":"if","locations":[{"start":{"line":220,"column":8},"end":{"line":220,"column":8}},{"start":{"line":220,"column":8},"end":{"line":220,"column":8}}]},"7":{"line":244,"type":"if","locations":[{"start":{"line":244,"column":8},"end":{"line":244,"column":8}},{"start":{"line":244,"column":8},"end":{"line":244,"column":8}}]},"8":{"line":282,"type":"if","locations":[{"start":{"line":282,"column":8},"end":{"line":282,"column":8}},{"start":{"line":282,"column":8},"end":{"line":282,"column":8}}]},"9":{"line":285,"type":"if","locations":[{"start":{"line":285,"column":12},"end":{"line":285,"column":12}},{"start":{"line":285,"column":12},"end":{"line":285,"column":12}}]},"10":{"line":339,"type":"if","locations":[{"start":{"line":339,"column":8},"end":{"line":339,"column":8}},{"start":{"line":339,"column":8},"end":{"line":339,"column":8}}]},"11":{"line":350,"type":"if","locations":[{"start":{"line":350,"column":12},"end":{"line":350,"column":12}},{"start":{"line":350,"column":12},"end":{"line":350,"column":12}}]},"12":{"line":372,"type":"if","locations":[{"start":{"line":372,"column":8},"end":{"line":372,"column":8}},{"start":{"line":372,"column":8},"end":{"line":372,"column":8}}]},"13":{"line":377,"type":"if","locations":[{"start":{"line":377,"column":8},"end":{"line":377,"column":8}},{"start":{"line":377,"column":8},"end":{"line":377,"column":8}}]},"14":{"line":402,"type":"if","locations":[{"start":{"line":402,"column":8},"end":{"line":402,"column":8}},{"start":{"line":402,"column":8},"end":{"line":402,"column":8}}]},"15":{"line":426,"type":"if","locations":[{"start":{"line":426,"column":8},"end":{"line":426,"column":8}},{"start":{"line":426,"column":8},"end":{"line":426,"column":8}}]},"16":{"line":450,"type":"if","locations":[{"start":{"line":450,"column":8},"end":{"line":450,"column":8}},{"start":{"line":450,"column":8},"end":{"line":450,"column":8}}]},"17":{"line":462,"type":"if","locations":[{"start":{"line":462,"column":8},"end":{"line":462,"column":8}},{"start":{"line":462,"column":8},"end":{"line":462,"column":8}}]},"18":{"line":476,"type":"if","locations":[{"start":{"line":476,"column":8},"end":{"line":476,"column":8}},{"start":{"line":476,"column":8},"end":{"line":476,"column":8}}]}}},
"contracts/token/BeethovenxOhmEmissionToken.sol":{"l":{"13":0,"14":0},"path":"/Users/cudba/develop/repos/crypto/sushiswap/contracts/token/BeethovenxOhmEmissionToken.sol","s":{"1":0,"2":0},"b":{},"f":{"1":0},"fnMap":{"1":{"name":"constructor","line":12,"loc":{"start":{"line":12,"column":4},"end":{"line":15,"column":4}}}},"statementMap":{"1":{"start":{"line":13,"column":8},"end":{"line":13,"column":41}},"2":{"start":{"line":14,"column":8},"end":{"line":14,"column":45}}},"branchMap":{}},
"contracts/token/BeethovenxToken.sol":{"l":{"13":0,"17":0},"path":"/Users/cudba/develop/repos/crypto/sushiswap/contracts/token/BeethovenxToken.sol","s":{"1":0,"2":0},"b":{"1":[0,0]},"f":{"1":0},"fnMap":{"1":{"name":"mint","line":12,"loc":{"start":{"line":12,"column":4},"end":{"line":18,"column":4}}}},"statementMap":{"1":{"start":{"line":13,"column":8},"end":{"line":13,"column":513}},"2":{"start":{"line":17,"column":8},"end":{"line":17,"column":26}}},"branchMap":{"1":{"line":13,"type":"if","locations":[{"start":{"line":13,"column":8},"end":{"line":13,"column":8}},{"start":{"line":13,"column":8},"end":{"line":13,"column":8}}]}}},
"contracts/vesting/MasterChefLpTokenTimelock.sol":{"l":{"47":0,"51":0,"55":0,"56":0,"57":0,"58":0,"59":0,"66":0,"73":0,"80":0,"87":0,"92":0,"97":0,"104":0,"106":0,"107":0,"112":0,"119":0,"121":0,"122":0,"130":0},"path":"/Users/cudba/develop/repos/crypto/sushiswap/contracts/vesting/MasterChefLpTokenTimelock.sol","s":{"1":0,"2":0,"3":0,"4":0,"5":0,"6":0,"7":0,"8":0,"9":0,"10":0,"11":0,"12":0,"13":0,"14":0,"15":0,"16":0,"17":0,"18":0,"19":0,"20":0,"21":0},"b":{"1":[0,0],"2":[0,0],"3":[0,0],"4":[0,0]},"f":{"1":0,"2":0,"3":0,"4":0,"5":0,"6":0,"7":0,"8":0},"fnMap":{"1":{"name":"constructor","line":40,"loc":{"start":{"line":40,"column":4},"end":{"line":60,"column":4}}},"2":{"name":"token","line":65,"loc":{"start":{"line":65,"column":4},"end":{"line":67,"column":4}}},"3":{"name":"beneficiary","line":72,"loc":{"start":{"line":72,"column":4},"end":{"line":74,"column":4}}},"4":{"name":"releaseTime","line":79,"loc":{"start":{"line":79,"column":4},"end":{"line":81,"column":4}}},"5":{"name":"release","line":86,"loc":{"start":{"line":86,"column":4},"end":{"line":109,"column":4}}},"6":{"name":"masterChefPoolId","line":111,"loc":{"start":{"line":111,"column":4},"end":{"line":113,"column":4}}},"7":{"name":"depositAllToMasterChef","line":118,"loc":{"start":{"line":118,"column":4},"end":{"line":127,"column":4}}},"8":{"name":"harvest","line":129,"loc":{"start":{"line":129,"column":4},"end":{"line":131,"column":4}}}},"statementMap":{"1":{"start":{"line":47,"column":8},"end":{"line":47,"column":1360}},"2":{"start":{"line":51,"column":8},"end":{"line":51,"column":1497}},"3":{"start":{"line":55,"column":8},"end":{"line":55,"column":22}},"4":{"start":{"line":56,"column":8},"end":{"line":56,"column":34}},"5":{"start":{"line":57,"column":8},"end":{"line":57,"column":34}},"6":{"start":{"line":58,"column":8},"end":{"line":58,"column":32}},"7":{"start":{"line":59,"column":8},"end":{"line":59,"column":44}},"8":{"start":{"line":66,"column":8},"end":{"line":66,"column":21}},"9":{"start":{"line":73,"column":8},"end":{"line":73,"column":27}},"10":{"start":{"line":80,"column":8},"end":{"line":80,"column":27}},"11":{"start":{"line":87,"column":8},"end":{"line":87,"column":2404}},"12":{"start":{"line":92,"column":8},"end":{"line":92,"column":2545}},"13":{"start":{"line":97,"column":8},"end":{"line":97,"column":2733}},"14":{"start":{"line":104,"column":8},"end":{"line":104,"column":62}},"15":{"start":{"line":106,"column":8},"end":{"line":106,"column":2990}},"16":{"start":{"line":107,"column":12},"end":{"line":107,"column":59}},"17":{"start":{"line":112,"column":8},"end":{"line":112,"column":32}},"18":{"start":{"line":119,"column":8},"end":{"line":119,"column":65}},"19":{"start":{"line":121,"column":8},"end":{"line":121,"column":76}},"20":{"start":{"line":122,"column":8},"end":{"line":122,"column":3502}},"21":{"start":{"line":130,"column":8},"end":{"line":130,"column":61}}},"branchMap":{"1":{"line":47,"type":"if","locations":[{"start":{"line":47,"column":8},"end":{"line":47,"column":8}},{"start":{"line":47,"column":8},"end":{"line":47,"column":8}}]},"2":{"line":51,"type":"if","locations":[{"start":{"line":51,"column":8},"end":{"line":51,"column":8}},{"start":{"line":51,"column":8},"end":{"line":51,"column":8}}]},"3":{"line":87,"type":"if","locations":[{"start":{"line":87,"column":8},"end":{"line":87,"column":8}},{"start":{"line":87,"column":8},"end":{"line":87,"column":8}}]},"4":{"line":106,"type":"if","locations":[{"start":{"line":106,"column":8},"end":{"line":106,"column":8}},{"start":{"line":106,"column":8},"end":{"line":106,"column":8}}]}}}}
