TN:
SF:/Users/cudba/develop/repos/crypto/sushiswap/contracts/governance/BeetsBar.sol
FN:26,constructor
FN:30,enter
FN:56,leave
FN:72,shareRevenue
FNF:4
FNH:4
FNDA:15,constructor
FNDA:7,enter
FNDA:2,leave
FNDA:3,shareRevenue
DA:27,15
DA:31,7
DA:32,7
DA:36,7
DA:38,7
DA:39,7
DA:41,7
DA:42,4
DA:46,3
DA:49,3
DA:51,7
DA:52,7
DA:57,2
DA:58,2
DA:61,2
DA:63,2
DA:65,2
DA:66,2
DA:68,2
DA:73,3
DA:74,3
LF:21
LH:21
BRDA:31,1,0,7
BRDA:31,1,1,0
BRDA:41,2,0,4
BRDA:41,2,1,3
BRDA:57,3,0,2
BRDA:57,3,1,0
BRF:6
BRH:4
end_of_record
TN:
SF:/Users/cudba/develop/repos/crypto/sushiswap/contracts/governance/Timelock.sol
FN:56,constructor
FN:74,setDelay
FN:92,acceptAdmin
FN:103,setPendingAdmin
FN:122,queueTransaction
FN:147,cancelTransaction
FN:167,executeTransaction
FN:222,getBlockTimestamp
FNF:8
FNH:7
FNDA:15,constructor
FNDA:0,setDelay
FNDA:3,acceptAdmin
FNDA:4,setPendingAdmin
FNDA:4,queueTransaction
FNDA:1,cancelTransaction
FNDA:4,executeTransaction
FNDA:8,getBlockTimestamp
DA:57,15
DA:61,15
DA:66,15
DA:67,15
DA:68,15
DA:75,0
DA:79,0
DA:83,0
DA:87,0
DA:89,0
DA:93,3
DA:97,3
DA:98,3
DA:100,3
DA:105,4
DA:106,2
DA:111,2
DA:115,2
DA:117,3
DA:119,3
DA:129,4
DA:133,3
DA:138,3
DA:141,3
DA:143,3
DA:144,3
DA:154,1
DA:159,1
DA:162,1
DA:164,1
DA:174,4
DA:179,4
DA:182,4
DA:186,3
DA:190,2
DA:195,2
DA:197,2
DA:199,2
DA:200,0
DA:202,2
DA:209,2
DA:212,2
DA:217,2
DA:219,2
DA:224,8
LF:45
LH:39
BRDA:57,1,0,15
BRDA:57,1,1,0
BRDA:61,2,0,15
BRDA:61,2,1,0
BRDA:75,3,0,0
BRDA:75,3,1,0
BRDA:79,4,0,0
BRDA:79,4,1,0
BRDA:83,5,0,0
BRDA:83,5,1,0
BRDA:93,6,0,3
BRDA:93,6,1,0
BRDA:105,7,0,2
BRDA:105,7,1,2
BRDA:106,8,0,1
BRDA:106,8,1,1
BRDA:111,9,0,2
BRDA:111,9,1,0
BRDA:129,10,0,3
BRDA:129,10,1,1
BRDA:133,11,0,3
BRDA:133,11,1,0
BRDA:154,12,0,1
BRDA:154,12,1,0
BRDA:174,13,0,4
BRDA:174,13,1,0
BRDA:182,14,0,3
BRDA:182,14,1,1
BRDA:186,15,0,2
BRDA:186,15,1,1
BRDA:190,16,0,2
BRDA:190,16,1,0
BRDA:199,17,0,0
BRDA:199,17,1,2
BRDA:212,18,0,2
BRDA:212,18,1,0
BRF:36
BRH:20
end_of_record
TN:
SF:/Users/cudba/develop/repos/crypto/sushiswap/contracts/rewarder/TimeBasedRewarder.sol
FN:58,constructor
FN:74,onBeetsReward
FN:99,pendingTokens
FN:118,setRewardPerSecond
FN:123,onlyMasterChef
FN:132,poolLength
FN:139,add
FN:156,set
FN:171,pendingToken
FN:210,massUpdatePools
FN:220,updatePool
FNF:11
FNH:10
FNDA:51,constructor
FNDA:21,onBeetsReward
FNDA:0,pendingTokens
FNDA:1,setRewardPerSecond
FNDA:22,onlyMasterChef
FNDA:1,poolLength
FNDA:16,add
FNDA:2,set
FNDA:8,pendingToken
FNDA:1,massUpdatePools
FNDA:23,updatePool
DA:63,51
DA:64,51
DA:65,51
DA:75,21
DA:76,21
DA:77,21
DA:78,21
DA:79,8
DA:83,8
DA:84,3
DA:87,21
DA:88,21
DA:92,21
DA:93,6
DA:96,21
DA:109,0
DA:110,0
DA:111,0
DA:112,0
DA:113,0
DA:119,1
DA:120,1
DA:124,22
DA:128,21
DA:133,1
DA:140,16
DA:141,15
DA:142,15
DA:144,15
DA:149,15
DA:150,15
DA:157,2
DA:158,1
DA:163,1
DA:164,1
DA:176,8
DA:177,8
DA:178,1
DA:180,7
DA:181,7
DA:183,7
DA:187,7
DA:188,3
DA:191,3
DA:195,3
DA:199,7
DA:202,7
DA:203,1
DA:211,1
DA:212,1
DA:213,2
DA:221,23
DA:222,23
DA:223,16
DA:227,16
DA:228,6
DA:229,6
DA:232,6
DA:236,16
DA:237,16
DA:238,16
LF:61
LH:56
BRDA:78,1,0,8
BRDA:78,1,1,13
BRDA:83,2,0,3
BRDA:83,2,1,5
BRDA:92,3,0,6
BRDA:92,3,1,15
BRDA:124,4,0,21
BRDA:124,4,1,1
BRDA:140,5,0,15
BRDA:140,5,1,1
BRDA:157,6,0,1
BRDA:157,6,1,1
BRDA:177,7,0,1
BRDA:177,7,1,7
BRDA:187,8,0,3
BRDA:187,8,1,4
BRDA:202,9,0,1
BRDA:202,9,1,6
BRDA:222,10,0,16
BRDA:222,10,1,7
BRDA:227,11,0,6
BRDA:227,11,1,10
BRF:22
BRH:22
end_of_record
TN:
SF:/Users/cudba/develop/repos/crypto/sushiswap/contracts/token/BeethovenxMasterChef.sol
FN:128,constructor
FN:144,poolLength
FN:153,add
FN:205,set
FN:232,pendingBeets
FN:271,massUpdatePools
FN:279,updatePool
FN:321,deposit
FN:348,harvestAll
FN:359,harvest
FN:394,withdrawAndHarvest
FN:443,emergencyWithdraw
FN:460,safeBeetsTransfer
FN:470,treasury
FN:475,updateEmissionRate
FNF:15
FNH:15
FNDA:136,constructor
FNDA:1,poolLength
FNDA:43,add
FNDA:3,set
FNDA:9,pendingBeets
FNDA:1,massUpdatePools
FNDA:65,updatePool
FNDA:33,deposit
FNDA:1,harvestAll
FNDA:16,harvest
FNDA:10,withdrawAndHarvest
FNDA:1,emergencyWithdraw
FNDA:25,safeBeetsTransfer
FNDA:1,treasury
FNDA:2,updateEmissionRate
DA:134,136
DA:138,135
DA:139,135
DA:140,135
DA:141,135
DA:145,1
DA:154,43
DA:158,42
DA:164,41
DA:170,40
DA:173,40
DA:176,40
DA:177,40
DA:178,40
DA:180,40
DA:187,40
DA:206,3
DA:213,3
DA:218,2
DA:220,2
DA:221,1
DA:223,2
DA:237,9
DA:238,9
DA:240,9
DA:242,9
DA:244,9
DA:245,4
DA:247,4
DA:253,4
DA:257,4
DA:263,9
DA:272,1
DA:273,1
DA:274,1
DA:280,65
DA:282,65
DA:284,55
DA:285,55
DA:286,29
DA:290,29
DA:294,29
DA:297,29
DA:302,29
DA:304,29
DA:308,55
DA:309,55
DA:311,55
DA:326,33
DA:327,33
DA:329,33
DA:333,33
DA:338,33
DA:339,33
DA:340,14
DA:343,33
DA:345,33
DA:349,1
DA:350,2
DA:351,2
DA:360,16
DA:361,16
DA:364,16
DA:367,16
DA:370,16
DA:372,16
DA:373,16
DA:376,16
DA:377,16
DA:378,7
DA:387,16
DA:399,10
DA:400,10
DA:402,10
DA:405,9
DA:408,9
DA:417,9
DA:421,9
DA:423,9
DA:425,9
DA:426,9
DA:427,1
DA:436,9
DA:438,9
DA:439,9
DA:444,1
DA:445,1
DA:446,1
DA:447,1
DA:449,1
DA:450,1
DA:451,1
DA:455,1
DA:456,1
DA:461,25
DA:462,25
DA:463,0
DA:465,25
DA:471,1
DA:472,1
DA:476,2
DA:480,1
DA:481,1
LF:103
LH:102
BRDA:134,1,0,135
BRDA:134,1,1,1
BRDA:154,2,0,42
BRDA:154,2,1,1
BRDA:158,3,0,41
BRDA:158,3,1,1
BRDA:164,4,0,40
BRDA:164,4,1,1
BRDA:206,5,0,3
BRDA:206,5,1,0
BRDA:220,6,0,1
BRDA:220,6,1,1
BRDA:244,7,0,4
BRDA:244,7,1,5
BRDA:282,8,0,55
BRDA:282,8,1,10
BRDA:285,9,0,29
BRDA:285,9,1,26
BRDA:339,10,0,14
BRDA:339,10,1,19
BRDA:350,11,0,2
BRDA:350,11,1,0
BRDA:372,12,0,16
BRDA:372,12,1,0
BRDA:377,13,0,7
BRDA:377,13,1,9
BRDA:402,14,0,9
BRDA:402,14,1,1
BRDA:426,15,0,1
BRDA:426,15,1,8
BRDA:450,16,0,1
BRDA:450,16,1,0
BRDA:462,17,0,0
BRDA:462,17,1,25
BRDA:476,18,0,1
BRDA:476,18,1,1
BRF:36
BRH:31
end_of_record
TN:
SF:/Users/cudba/develop/repos/crypto/sushiswap/contracts/token/BeethovenxToken.sol
FN:12,mint
FNF:1
FNH:1
FNDA:62,mint
DA:13,62
DA:17,61
LF:2
LH:2
BRDA:13,1,0,61
BRDA:13,1,1,1
BRF:2
BRH:2
end_of_record
TN:
SF:/Users/cudba/develop/repos/crypto/sushiswap/contracts/vesting/MasterChefLpTokenTimelock.sol
FN:40,constructor
FN:65,token
FN:72,beneficiary
FN:79,releaseTime
FN:86,release
FN:111,masterChefPoolId
FN:118,depositAllToMasterChef
FN:129,harvest
FNF:8
FNH:8
FNDA:22,constructor
FNDA:6,token
FNDA:7,beneficiary
FNDA:8,releaseTime
FNDA:7,release
FNDA:10,masterChefPoolId
FNDA:5,depositAllToMasterChef
FNDA:1,harvest
DA:47,22
DA:51,22
DA:55,21
DA:56,21
DA:57,21
DA:58,21
DA:59,21
DA:66,6
DA:73,7
DA:80,8
DA:87,7
DA:92,4
DA:97,4
DA:104,4
DA:106,4
DA:107,1
DA:112,10
DA:119,5
DA:121,5
DA:122,5
DA:130,1
LF:21
LH:21
BRDA:47,1,0,22
BRDA:47,1,1,0
BRDA:51,2,0,21
BRDA:51,2,1,1
BRDA:87,3,0,4
BRDA:87,3,1,3
BRDA:106,4,0,1
BRDA:106,4,1,3
BRF:8
BRH:7
end_of_record
