TN:
SF:/Users/cudba/develop/repos/crypto/sushiswap/contracts/governance/BeetsBar.sol
FN:26,constructor
FN:30,enter
FN:56,leave
FN:72,shareRevenue
FNF:4
FNH:2
FNDA:126,constructor
FNDA:41,enter
FNDA:0,leave
FNDA:0,shareRevenue
DA:27,126
DA:31,41
DA:32,41
DA:36,41
DA:38,41
DA:39,41
DA:41,41
DA:42,23
DA:46,18
DA:49,18
DA:51,41
DA:52,41
DA:57,0
DA:58,0
DA:61,0
DA:63,0
DA:65,0
DA:66,0
DA:68,0
DA:73,0
DA:74,0
LF:21
LH:12
BRDA:31,1,0,41
BRDA:31,1,1,0
BRDA:41,2,0,23
BRDA:41,2,1,18
BRDA:57,3,0,0
BRDA:57,3,1,0
BRF:6
BRH:3
end_of_record
TN:
SF:/Users/cudba/develop/repos/crypto/sushiswap/contracts/governance/FBeetsLocker.sol
FN:113,constructor
FN:130,decimals
FN:134,name
FN:138,symbol
FN:147,addReward
FN:168,approveRewardDistributor
FN:180,setKickIncentive
FN:188,shutdown
FN:194,_rewardPerToken
FN:213,_earned
FN:226,_lastTimeRewardApplicable
FN:234,lastTimeRewardApplicable
FN:243,rewardPerToken
FN:252,claimableRewards
FN:268,lockedBalanceOf
FN:277,_currentEpoch
FN:282,balanceOf
FN:313,balanceAtEpochOf
FN:351,totalSupply
FN:378,totalSupplyAtEpoch
FN:414,findEpochId
FN:439,lockedBalances
FN:469,epochCount
FN:475,checkpointEpoch
FN:480,_checkpointEpoch
FN:499,lock
FN:509,_lock
FN:552,_processExpiredLocks
FN:651,processExpiredLocks
FN:656,kickExpiredLocks
FN:671,getReward
FN:687,_notifyReward
FN:707,notifyRewardAmount
FN:727,recoverERC20
FN:743,updateReward
FNF:35
FNH:35
FNDA:126,constructor
FNDA:1,decimals
FNDA:1,name
FNDA:1,symbol
FNDA:15,addReward
FNDA:4,approveRewardDistributor
FNDA:3,setKickIncentive
FNDA:4,shutdown
FNDA:23,_rewardPerToken
FNDA:6,_earned
FNDA:36,_lastTimeRewardApplicable
FNDA:2,lastTimeRewardApplicable
FNDA:1,rewardPerToken
FNDA:1,claimableRewards
FNDA:1,lockedBalanceOf
FNDA:91,_currentEpoch
FNDA:3,balanceOf
FNDA:3,balanceAtEpochOf
FNDA:2,totalSupply
FNDA:5,totalSupplyAtEpoch
FNDA:4,findEpochId
FNDA:1,lockedBalances
FNDA:2,epochCount
FNDA:4,checkpointEpoch
FNDA:45,_checkpointEpoch
FNDA:42,lock
FNDA:44,_lock
FNDA:9,_processExpiredLocks
FNDA:7,processExpiredLocks
FNDA:2,kickExpiredLocks
FNDA:3,getReward
FNDA:11,_notifyReward
FNDA:11,notifyRewardAmount
FNDA:3,recoverERC20
FNDA:65,updateReward
DA:118,126
DA:119,126
DA:120,126
DA:122,126
DA:131,1
DA:135,1
DA:139,1
DA:149,15
DA:153,14
DA:157,13
DA:158,13
DA:159,13
DA:160,13
DA:169,4
DA:173,3
DA:181,3
DA:182,2
DA:183,1
DA:184,1
DA:189,4
DA:199,23
DA:200,5
DA:203,18
DA:204,18
DA:207,18
DA:218,6
DA:231,36
DA:239,2
DA:248,1
DA:257,1
DA:258,1
DA:259,1
DA:260,1
DA:261,1
DA:262,1
DA:264,1
DA:273,1
DA:278,91
DA:283,3
DA:284,3
DA:285,3
DA:288,3
DA:290,3
DA:292,3
DA:293,5
DA:294,2
DA:297,3
DA:302,3
DA:306,1
DA:309,3
DA:318,3
DA:321,3
DA:323,3
DA:326,3
DA:328,3
DA:329,1
DA:331,2
DA:347,2
DA:352,2
DA:353,2
DA:354,2
DA:357,2
DA:358,2
DA:360,2
DA:361,1
DA:365,1
DA:374,1
DA:384,5
DA:385,1
DA:387,4
DA:389,4
DA:397,4
DA:401,4
DA:410,4
DA:415,4
DA:416,4
DA:419,4
DA:421,4
DA:422,12
DA:424,11
DA:425,11
DA:426,11
DA:428,3
DA:430,2
DA:432,6
DA:435,1
DA:449,1
DA:450,1
DA:451,1
DA:452,1
DA:453,1
DA:454,4
DA:455,2
DA:456,1
DA:458,2
DA:459,2
DA:460,2
DA:462,2
DA:465,1
DA:470,2
DA:476,4
DA:481,45
DA:485,45
DA:487,25
DA:488,164
DA:490,164
DA:502,42
DA:505,42
DA:510,44
DA:511,43
DA:513,41
DA:516,41
DA:519,41
DA:521,41
DA:524,41
DA:525,41
DA:527,41
DA:529,41
DA:530,40
DA:534,1
DA:535,1
DA:539,41
DA:540,41
DA:542,41
DA:553,9
DA:554,9
DA:555,9
DA:556,9
DA:557,9
DA:559,9
DA:561,8
DA:565,3
DA:568,3
DA:574,3
DA:575,1
DA:578,1
DA:581,1
DA:586,1
DA:592,5
DA:593,5
DA:595,10
DA:598,5
DA:602,5
DA:603,2
DA:606,2
DA:609,2
DA:613,2
DA:616,5
DA:619,5
DA:621,8
DA:624,7
DA:625,7
DA:627,7
DA:630,7
DA:632,2
DA:634,2
DA:636,2
DA:640,7
DA:641,2
DA:644,5
DA:653,7
DA:658,2
DA:673,3
DA:674,3
DA:675,3
DA:676,3
DA:677,3
DA:678,3
DA:680,3
DA:688,11
DA:691,11
DA:692,9
DA:695,2
DA:697,2
DA:698,2
DA:701,11
DA:702,11
DA:709,11
DA:710,11
DA:712,11
DA:716,11
DA:722,11
DA:729,3
DA:733,2
DA:737,1
DA:738,1
DA:744,65
DA:746,65
DA:747,65
DA:748,16
DA:749,16
DA:750,16
DA:753,16
DA:754,5
DA:759,5
DA:764,65
LF:196
LH:196
BRDA:149,1,0,14
BRDA:149,1,1,1
BRDA:153,2,0,13
BRDA:153,2,1,1
BRDA:169,3,0,3
BRDA:169,3,1,1
BRDA:181,4,0,2
BRDA:181,4,1,1
BRDA:182,5,0,1
BRDA:182,5,1,1
BRDA:199,6,0,5
BRDA:199,6,1,18
BRDA:293,7,0,2
BRDA:293,7,1,3
BRDA:302,8,0,1
BRDA:302,8,1,2
BRDA:328,9,0,1
BRDA:328,9,1,2
BRDA:357,10,0,2
BRDA:357,10,1,0
BRDA:360,11,0,1
BRDA:360,11,1,1
BRDA:384,12,0,1
BRDA:384,12,1,4
BRDA:422,13,0,1
BRDA:422,13,1,11
BRDA:426,14,0,3
BRDA:426,14,1,8
BRDA:429,15,0,2
BRDA:429,15,1,6
BRDA:454,16,0,2
BRDA:454,16,1,2
BRDA:455,17,0,1
BRDA:455,17,1,1
BRDA:485,18,0,25
BRDA:485,18,1,20
BRDA:510,19,0,43
BRDA:510,19,1,1
BRDA:511,20,0,41
BRDA:511,20,1,2
BRDA:529,21,0,40
BRDA:529,21,1,1
BRDA:559,22,0,8
BRDA:559,22,1,1
BRDA:561,23,0,3
BRDA:561,23,1,5
BRDA:574,24,0,1
BRDA:574,24,1,2
BRDA:595,25,0,5
BRDA:595,25,1,5
BRDA:602,26,0,2
BRDA:602,26,1,3
BRDA:621,27,0,7
BRDA:621,27,1,1
BRDA:630,28,0,2
BRDA:630,28,1,5
BRDA:640,29,0,2
BRDA:640,29,1,5
BRDA:676,30,0,3
BRDA:676,30,1,0
BRDA:691,31,0,9
BRDA:691,31,1,2
BRDA:709,32,0,11
BRDA:709,32,1,0
BRDA:710,33,0,11
BRDA:710,33,1,0
BRDA:729,34,0,2
BRDA:729,34,1,1
BRDA:733,35,0,1
BRDA:733,35,1,1
BRDA:753,36,0,5
BRDA:753,36,1,11
BRF:72
BRH:68
end_of_record
TN:
SF:/Users/cudba/develop/repos/crypto/sushiswap/contracts/governance/Timelock.sol
FN:56,constructor
FN:74,setDelay
FN:92,acceptAdmin
FN:103,setPendingAdmin
FN:122,queueTransaction
FN:147,cancelTransaction
FN:167,executeTransaction
FN:222,getBlockTimestamp
FNF:8
FNH:0
FNDA:0,constructor
FNDA:0,setDelay
FNDA:0,acceptAdmin
FNDA:0,setPendingAdmin
FNDA:0,queueTransaction
FNDA:0,cancelTransaction
FNDA:0,executeTransaction
FNDA:0,getBlockTimestamp
DA:57,0
DA:61,0
DA:66,0
DA:67,0
DA:68,0
DA:75,0
DA:79,0
DA:83,0
DA:87,0
DA:89,0
DA:93,0
DA:97,0
DA:98,0
DA:100,0
DA:105,0
DA:106,0
DA:111,0
DA:115,0
DA:117,0
DA:119,0
DA:129,0
DA:133,0
DA:138,0
DA:141,0
DA:143,0
DA:144,0
DA:154,0
DA:159,0
DA:162,0
DA:164,0
DA:174,0
DA:179,0
DA:182,0
DA:186,0
DA:190,0
DA:195,0
DA:197,0
DA:199,0
DA:200,0
DA:202,0
DA:209,0
DA:212,0
DA:217,0
DA:219,0
DA:224,0
LF:45
LH:0
BRDA:57,1,0,0
BRDA:57,1,1,0
BRDA:61,2,0,0
BRDA:61,2,1,0
BRDA:75,3,0,0
BRDA:75,3,1,0
BRDA:79,4,0,0
BRDA:79,4,1,0
BRDA:83,5,0,0
BRDA:83,5,1,0
BRDA:93,6,0,0
BRDA:93,6,1,0
BRDA:105,7,0,0
BRDA:105,7,1,0
BRDA:106,8,0,0
BRDA:106,8,1,0
BRDA:111,9,0,0
BRDA:111,9,1,0
BRDA:129,10,0,0
BRDA:129,10,1,0
BRDA:133,11,0,0
BRDA:133,11,1,0
BRDA:154,12,0,0
BRDA:154,12,1,0
BRDA:174,13,0,0
BRDA:174,13,1,0
BRDA:182,14,0,0
BRDA:182,14,1,0
BRDA:186,15,0,0
BRDA:186,15,1,0
BRDA:190,16,0,0
BRDA:190,16,1,0
BRDA:199,17,0,0
BRDA:199,17,1,0
BRDA:212,18,0,0
BRDA:212,18,1,0
BRF:36
BRH:0
end_of_record
TN:
SF:/Users/cudba/develop/repos/crypto/sushiswap/contracts/rewarder/TimeBasedMasterChefRewarder.sol
FN:58,constructor
FN:74,onBeetsReward
FN:99,pendingTokens
FN:118,setRewardPerSecond
FN:123,onlyMasterChef
FN:132,poolLength
FN:139,add
FN:156,set
FN:171,pendingToken
FN:210,massUpdatePools
FN:220,updatePool
FN:252,emergencyWithdraw
FNF:12
FNH:0
FNDA:0,constructor
FNDA:0,onBeetsReward
FNDA:0,pendingTokens
FNDA:0,setRewardPerSecond
FNDA:0,onlyMasterChef
FNDA:0,poolLength
FNDA:0,add
FNDA:0,set
FNDA:0,pendingToken
FNDA:0,massUpdatePools
FNDA:0,updatePool
FNDA:0,emergencyWithdraw
DA:63,0
DA:64,0
DA:65,0
DA:75,0
DA:76,0
DA:77,0
DA:78,0
DA:79,0
DA:83,0
DA:84,0
DA:87,0
DA:88,0
DA:92,0
DA:93,0
DA:96,0
DA:109,0
DA:110,0
DA:111,0
DA:112,0
DA:113,0
DA:119,0
DA:120,0
DA:124,0
DA:128,0
DA:133,0
DA:140,0
DA:141,0
DA:142,0
DA:144,0
DA:149,0
DA:150,0
DA:157,0
DA:158,0
DA:163,0
DA:164,0
DA:176,0
DA:177,0
DA:178,0
DA:180,0
DA:181,0
DA:183,0
DA:187,0
DA:188,0
DA:191,0
DA:195,0
DA:199,0
DA:202,0
DA:203,0
DA:211,0
DA:212,0
DA:213,0
DA:221,0
DA:222,0
DA:223,0
DA:227,0
DA:228,0
DA:229,0
DA:232,0
DA:236,0
DA:237,0
DA:238,0
DA:254,0
LF:62
LH:0
BRDA:78,1,0,0
BRDA:78,1,1,0
BRDA:83,2,0,0
BRDA:83,2,1,0
BRDA:92,3,0,0
BRDA:92,3,1,0
BRDA:124,4,0,0
BRDA:124,4,1,0
BRDA:140,5,0,0
BRDA:140,5,1,0
BRDA:157,6,0,0
BRDA:157,6,1,0
BRDA:177,7,0,0
BRDA:177,7,1,0
BRDA:187,8,0,0
BRDA:187,8,1,0
BRDA:202,9,0,0
BRDA:202,9,1,0
BRDA:222,10,0,0
BRDA:222,10,1,0
BRDA:227,11,0,0
BRDA:227,11,1,0
BRF:22
BRH:0
end_of_record
TN:
SF:/Users/cudba/develop/repos/crypto/sushiswap/contracts/token/BeethovenxMasterChef.sol
FN:128,constructor
FN:144,poolLength
FN:153,add
FN:205,set
FN:232,pendingBeets
FN:271,massUpdatePools
FN:279,updatePool
FN:321,deposit
FN:348,harvestAll
FN:359,harvest
FN:394,withdrawAndHarvest
FN:443,emergencyWithdraw
FN:460,safeBeetsTransfer
FN:470,treasury
FN:475,updateEmissionRate
FNF:15
FNH:0
FNDA:0,constructor
FNDA:0,poolLength
FNDA:0,add
FNDA:0,set
FNDA:0,pendingBeets
FNDA:0,massUpdatePools
FNDA:0,updatePool
FNDA:0,deposit
FNDA:0,harvestAll
FNDA:0,harvest
FNDA:0,withdrawAndHarvest
FNDA:0,emergencyWithdraw
FNDA:0,safeBeetsTransfer
FNDA:0,treasury
FNDA:0,updateEmissionRate
DA:134,0
DA:138,0
DA:139,0
DA:140,0
DA:141,0
DA:145,0
DA:154,0
DA:158,0
DA:164,0
DA:170,0
DA:173,0
DA:176,0
DA:177,0
DA:178,0
DA:180,0
DA:187,0
DA:206,0
DA:213,0
DA:218,0
DA:220,0
DA:221,0
DA:223,0
DA:237,0
DA:238,0
DA:240,0
DA:242,0
DA:244,0
DA:245,0
DA:247,0
DA:253,0
DA:257,0
DA:263,0
DA:272,0
DA:273,0
DA:274,0
DA:280,0
DA:282,0
DA:284,0
DA:285,0
DA:286,0
DA:290,0
DA:294,0
DA:297,0
DA:302,0
DA:304,0
DA:308,0
DA:309,0
DA:311,0
DA:326,0
DA:327,0
DA:329,0
DA:333,0
DA:338,0
DA:339,0
DA:340,0
DA:343,0
DA:345,0
DA:349,0
DA:350,0
DA:351,0
DA:360,0
DA:361,0
DA:364,0
DA:367,0
DA:370,0
DA:372,0
DA:373,0
DA:376,0
DA:377,0
DA:378,0
DA:387,0
DA:399,0
DA:400,0
DA:402,0
DA:405,0
DA:408,0
DA:417,0
DA:421,0
DA:423,0
DA:425,0
DA:426,0
DA:427,0
DA:436,0
DA:438,0
DA:439,0
DA:444,0
DA:445,0
DA:446,0
DA:447,0
DA:449,0
DA:450,0
DA:451,0
DA:455,0
DA:456,0
DA:461,0
DA:462,0
DA:463,0
DA:465,0
DA:471,0
DA:472,0
DA:476,0
DA:480,0
DA:481,0
LF:103
LH:0
BRDA:134,1,0,0
BRDA:134,1,1,0
BRDA:154,2,0,0
BRDA:154,2,1,0
BRDA:158,3,0,0
BRDA:158,3,1,0
BRDA:164,4,0,0
BRDA:164,4,1,0
BRDA:206,5,0,0
BRDA:206,5,1,0
BRDA:220,6,0,0
BRDA:220,6,1,0
BRDA:244,7,0,0
BRDA:244,7,1,0
BRDA:282,8,0,0
BRDA:282,8,1,0
BRDA:285,9,0,0
BRDA:285,9,1,0
BRDA:339,10,0,0
BRDA:339,10,1,0
BRDA:350,11,0,0
BRDA:350,11,1,0
BRDA:372,12,0,0
BRDA:372,12,1,0
BRDA:377,13,0,0
BRDA:377,13,1,0
BRDA:402,14,0,0
BRDA:402,14,1,0
BRDA:426,15,0,0
BRDA:426,15,1,0
BRDA:450,16,0,0
BRDA:450,16,1,0
BRDA:462,17,0,0
BRDA:462,17,1,0
BRDA:476,18,0,0
BRDA:476,18,1,0
BRF:36
BRH:0
end_of_record
TN:
SF:/Users/cudba/develop/repos/crypto/sushiswap/contracts/token/BeethovenxOhmEmissionToken.sol
FN:12,constructor
FNF:1
FNH:0
FNDA:0,constructor
DA:13,0
DA:14,0
LF:2
LH:0
BRF:0
BRH:0
end_of_record
TN:
SF:/Users/cudba/develop/repos/crypto/sushiswap/contracts/token/BeethovenxToken.sol
FN:12,mint
FNF:1
FNH:0
FNDA:0,mint
DA:13,0
DA:17,0
LF:2
LH:0
BRDA:13,1,0,0
BRDA:13,1,1,0
BRF:2
BRH:0
end_of_record
TN:
SF:/Users/cudba/develop/repos/crypto/sushiswap/contracts/vesting/MasterChefLpTokenTimelock.sol
FN:40,constructor
FN:65,token
FN:72,beneficiary
FN:79,releaseTime
FN:86,release
FN:111,masterChefPoolId
FN:118,depositAllToMasterChef
FN:129,harvest
FNF:8
FNH:0
FNDA:0,constructor
FNDA:0,token
FNDA:0,beneficiary
FNDA:0,releaseTime
FNDA:0,release
FNDA:0,masterChefPoolId
FNDA:0,depositAllToMasterChef
FNDA:0,harvest
DA:47,0
DA:51,0
DA:55,0
DA:56,0
DA:57,0
DA:58,0
DA:59,0
DA:66,0
DA:73,0
DA:80,0
DA:87,0
DA:92,0
DA:97,0
DA:104,0
DA:106,0
DA:107,0
DA:112,0
DA:119,0
DA:121,0
DA:122,0
DA:130,0
LF:21
LH:0
BRDA:47,1,0,0
BRDA:47,1,1,0
BRDA:51,2,0,0
BRDA:51,2,1,0
BRDA:87,3,0,0
BRDA:87,3,1,0
BRDA:106,4,0,0
BRDA:106,4,1,0
BRF:8
BRH:0
end_of_record
